#
# There is insufficient memory for the Java Runtime Environment to continue.
# Native memory allocation (mmap) failed to map 130023424 bytes. Error detail: G1 virtual space
# Possible reasons:
#   The system is out of physical RAM or swap space
#   This process is running with CompressedOops enabled, and the Java Heap may be blocking the growth of the native heap
# Possible solutions:
#   Reduce memory load on the system
#   Increase physical memory or swap space
#   Check if swap backing store is full
#   Decrease Java heap size (-Xmx/-Xms)
#   Decrease number of Java threads
#   Decrease Java thread stack sizes (-Xss)
#   Set larger code cache with -XX:ReservedCodeCacheSize=
#   JVM is running with Unscaled Compressed Oops mode in which the Java heap is
#     placed in the first 4GB address space. The Java Heap base address is the
#     maximum limit for the native heap growth. Please use -XX:HeapBaseMinAddress
#     to set the Java Heap base and to place the Java Heap above 4GB virtual address.
# This output file may be truncated or incomplete.
#
#  Out of Memory Error (os_windows.cpp:3898), pid=17092, tid=9908
#
# JRE version:  (21.0.6+8) (build )
# Java VM: OpenJDK 64-Bit Server VM (21.0.6+8-b631.39, mixed mode, sharing, tiered, compressed oops, compressed class ptrs, g1 gc, windows-amd64)
# No core dump will be written. Minidumps are not enabled by default on client versions of Windows
#

---------------  S U M M A R Y ------------

Command Line: git4idea.http.GitAskPassApp Username for 'https://github.com': 

Host: 11th Gen Intel(R) Core(TM) i3-1115G4 @ 3.00GHz, 4 cores, 7G,  Windows 11 , 64 bit Build 26100 (10.0.26100.3323)
Time: Sun Apr  6 19:24:10 2025 India Standard Time elapsed time: 0.154335 seconds (0d 0h 0m 0s)

---------------  T H R E A D  ---------------

Current thread (0x0000019e988f8d40):  JavaThread "Unknown thread" [_thread_in_vm, id=9908, stack(0x0000008845900000,0x0000008845a00000) (1024K)]

Stack: [0x0000008845900000,0x0000008845a00000]
Native frames: (J=compiled Java code, j=interpreted, Vv=VM code, C=native code)
V  [jvm.dll+0x6e5d39]
V  [jvm.dll+0x8c4133]
V  [jvm.dll+0x8c668e]
V  [jvm.dll+0x8c6d73]
V  [jvm.dll+0x288f76]
V  [jvm.dll+0x6e25f5]
V  [jvm.dll+0x6d60aa]
V  [jvm.dll+0x3635bb]
V  [jvm.dll+0x36b186]
V  [jvm.dll+0x3bd4b6]
V  [jvm.dll+0x3bd788]
V  [jvm.dll+0x335d2c]
V  [jvm.dll+0x336a1b]
V  [jvm.dll+0x88b589]
V  [jvm.dll+0x3ca688]
V  [jvm.dll+0x874698]
V  [jvm.dll+0x45f04e]
V  [jvm.dll+0x460d31]
C  [jli.dll+0x52ab]
C  [ucrtbase.dll+0x37b0]
C  [KERNEL32.DLL+0x2e8d7]
C  [ntdll.dll+0xbbf6c]


---------------  P R O C E S S  ---------------

Threads class SMR info:
_java_thread_list=0x00007ff84240a148, length=0, elements={
}

Java Threads: ( => current thread )
Total: 0

Other Threads:
  0x0000019e9ac5e260 WorkerThread "GC Thread#0"                     [id=7540, stack(0x0000008845a00000,0x0000008845b00000) (1024K)]
  0x0000019e9ac6f4d0 ConcurrentGCThread "G1 Main Marker"            [id=20552, stack(0x0000008845b00000,0x0000008845c00000) (1024K)]
  0x0000019e9ac735a0 WorkerThread "G1 Conc#0"                       [id=15172, stack(0x0000008845c00000,0x0000008845d00000) (1024K)]

[error occurred during error reporting (printing all threads), id 0xc0000005, EXCEPTION_ACCESS_VIOLATION (0xc0000005) at pc=0x00007ff841af8de7]
VM state: not at safepoint (not fully initialized)

VM Mutex/Monitor currently owned by a thread:  ([mutex/lock_event])
[0x00007ff84247eb30] Heap_lock - owner thread: 0x0000019e988f8d40

Heap address: 0x0000000085800000, size: 1960 MB, Compressed Oops mode: 32-bit

CDS archive(s) mapped at: [0x0000000000000000-0x0000000000000000-0x0000000000000000), size 0, SharedBaseAddress: 0x0000000800000000, ArchiveRelocationMode: 1.
Narrow klass base: 0x0000000000000000, Narrow klass shift: 0, Narrow klass range: 0x0

GC Precious Log:
 CardTable entry size: 512
 Card Set container configuration: InlinePtr #cards 5 size 8 Array Of Cards #cards 12 size 40 Howl #buckets 4 coarsen threshold 1843 Howl Bitmap #cards 512 size 80 coarsen threshold 460 Card regions per heap region 1 cards per card region 2048

Heap:
 garbage-first heap   total 0K, used 0K [0x0000000085800000, 0x0000000100000000)
  region size 1024K, 0 young (0K), 0 survivors (0K)
 Metaspace       used 0K, committed 0K, reserved 0K
  class space    used 0K, committed 0K, reserved 0K

Heap Regions: E=young(eden), S=young(survivor), O=old, HS=humongous(starts), HC=humongous(continues), CS=collection set, F=free, TAMS=top-at-mark-start, PB=parsable bottom

Card table byte_map: [0x0000019eadf70000,0x0000019eae350000] _byte_map_base: 0x0000019eadb44000

Marking Bits: (CMBitMap*) 0x0000019e9ac5e870
 Bits: [0x0000019eae350000, 0x0000019eb01f0000)

GC Heap History (0 events):
No events

Dll operation events (1 events):
Event: 0.014 Loaded shared library D:\GAME DEV\PyCharm Community Edition 2024.3.5\jbr\bin\java.dll

Deoptimization events (0 events):
No events

Classes loaded (0 events):
No events

Classes unloaded (0 events):
No events

Classes redefined (0 events):
No events

Internal exceptions (0 events):
No events

ZGC Phase Switch (0 events):
No events

VM Operations (0 events):
No events

Memory protections (0 events):
No events

Nmethod flushes (0 events):
No events

Events (0 events):
No events


Dynamic libraries:
0x00007ff66c740000 - 0x00007ff66c74a000 	D:\GAME DEV\PyCharm Community Edition 2024.3.5\jbr\bin\java.exe
0x00007ff8fc220000 - 0x00007ff8fc483000 	C:\WINDOWS\SYSTEM32\ntdll.dll
0x00007ff8fac40000 - 0x00007ff8fad07000 	C:\WINDOWS\System32\KERNEL32.DLL
0x00007ff8f9420000 - 0x00007ff8f97e9000 	C:\WINDOWS\System32\KERNELBASE.dll
0x00007ff8f3750000 - 0x00007ff8f37ec000 	C:\WINDOWS\SYSTEM32\apphelp.dll
0x00007ff8f9880000 - 0x00007ff8f99cc000 	C:\WINDOWS\System32\ucrtbase.dll
0x00007ff8a9fd0000 - 0x00007ff8a9feb000 	D:\GAME DEV\PyCharm Community Edition 2024.3.5\jbr\bin\VCRUNTIME140.dll
0x00007ff8d5a00000 - 0x00007ff8d5a18000 	D:\GAME DEV\PyCharm Community Edition 2024.3.5\jbr\bin\jli.dll
0x00007ff8fad10000 - 0x00007ff8faeda000 	C:\WINDOWS\System32\USER32.dll
0x00007ff8f99d0000 - 0x00007ff8f99f7000 	C:\WINDOWS\System32\win32u.dll
0x00007ff8dd720000 - 0x00007ff8dd9b0000 	C:\WINDOWS\WinSxS\amd64_microsoft.windows.common-controls_6595b64144ccf1df_6.0.26100.3323_none_3e088096e3344490\COMCTL32.dll
0x00007ff8fba00000 - 0x00007ff8fbaa9000 	C:\WINDOWS\System32\msvcrt.dll
0x00007ff8fa690000 - 0x00007ff8fa6ba000 	C:\WINDOWS\System32\GDI32.dll
0x00007ff8f9a00000 - 0x00007ff8f9b31000 	C:\WINDOWS\System32\gdi32full.dll
0x00007ff8f9c00000 - 0x00007ff8f9ca3000 	C:\WINDOWS\System32\msvcp_win.dll
0x00007ff8fa770000 - 0x00007ff8fa79f000 	C:\WINDOWS\System32\IMM32.DLL
0x00007ff8edca0000 - 0x00007ff8edcac000 	D:\GAME DEV\PyCharm Community Edition 2024.3.5\jbr\bin\vcruntime140_1.dll
0x00007ff8cc8a0000 - 0x00007ff8cc92d000 	D:\GAME DEV\PyCharm Community Edition 2024.3.5\jbr\bin\msvcp140.dll
0x00007ff8417b0000 - 0x00007ff842571000 	D:\GAME DEV\PyCharm Community Edition 2024.3.5\jbr\bin\server\jvm.dll
0x00007ff8fa4a0000 - 0x00007ff8fa552000 	C:\WINDOWS\System32\ADVAPI32.dll
0x00007ff8fa6c0000 - 0x00007ff8fa766000 	C:\WINDOWS\System32\sechost.dll
0x00007ff8fa120000 - 0x00007ff8fa236000 	C:\WINDOWS\System32\RPCRT4.dll
0x00007ff8fa7b0000 - 0x00007ff8fa824000 	C:\WINDOWS\System32\WS2_32.dll
0x00007ff8f92b0000 - 0x00007ff8f92fe000 	C:\WINDOWS\SYSTEM32\POWRPROF.dll
0x00007ff8edc80000 - 0x00007ff8edc8b000 	C:\WINDOWS\SYSTEM32\VERSION.dll
0x00007ff8ee050000 - 0x00007ff8ee086000 	C:\WINDOWS\SYSTEM32\WINMM.dll
0x00007ff8f9290000 - 0x00007ff8f92a4000 	C:\WINDOWS\SYSTEM32\UMPDC.dll
0x00007ff8f8240000 - 0x00007ff8f825a000 	C:\WINDOWS\SYSTEM32\kernel.appcore.dll
0x00007ff8ddee0000 - 0x00007ff8ddeea000 	D:\GAME DEV\PyCharm Community Edition 2024.3.5\jbr\bin\jimage.dll
0x00007ff8f6be0000 - 0x00007ff8f6e21000 	C:\WINDOWS\SYSTEM32\DBGHELP.DLL
0x00007ff8faef0000 - 0x00007ff8fb272000 	C:\WINDOWS\System32\combase.dll
0x00007ff8fa040000 - 0x00007ff8fa116000 	C:\WINDOWS\System32\OLEAUT32.dll
0x00007ff8d1ed0000 - 0x00007ff8d1f09000 	C:\WINDOWS\SYSTEM32\dbgcore.DLL
0x00007ff8f9cb0000 - 0x00007ff8f9d49000 	C:\WINDOWS\System32\bcryptPrimitives.dll
0x00007ff8a8bc0000 - 0x00007ff8a8be0000 	D:\GAME DEV\PyCharm Community Edition 2024.3.5\jbr\bin\java.dll

dbghelp: loaded successfully - version: 4.0.5 - missing functions: none
symbol engine: initialized successfully - sym options: 0x614 - pdb path: .;D:\GAME DEV\PyCharm Community Edition 2024.3.5\jbr\bin;C:\WINDOWS\SYSTEM32;C:\WINDOWS\WinSxS\amd64_microsoft.windows.common-controls_6595b64144ccf1df_6.0.26100.3323_none_3e088096e3344490;D:\GAME DEV\PyCharm Community Edition 2024.3.5\jbr\bin\server

VM Arguments:
java_command: git4idea.http.GitAskPassApp Username for 'https://github.com': 
java_class_path (initial): D:/GAME DEV/PyCharm Community Edition 2024.3.5/plugins/vcs-git/lib/git4idea-rt.jar;D:/GAME DEV/PyCharm Community Edition 2024.3.5/lib/externalProcess-rt.jar
Launcher Type: SUN_STANDARD

[Global flags]
     intx CICompilerCount                          = 3                                         {product} {ergonomic}
     uint ConcGCThreads                            = 1                                         {product} {ergonomic}
     uint G1ConcRefinementThreads                  = 4                                         {product} {ergonomic}
   size_t G1HeapRegionSize                         = 1048576                                   {product} {ergonomic}
    uintx GCDrainStackTargetSize                   = 64                                        {product} {ergonomic}
   size_t InitialHeapSize                          = 130023424                                 {product} {ergonomic}
   size_t MarkStackSize                            = 4194304                                   {product} {ergonomic}
   size_t MaxHeapSize                              = 2055208960                                {product} {ergonomic}
   size_t MinHeapDeltaBytes                        = 1048576                                   {product} {ergonomic}
   size_t MinHeapSize                              = 8388608                                   {product} {ergonomic}
    uintx NonNMethodCodeHeapSize                   = 5832780                                {pd product} {ergonomic}
    uintx NonProfiledCodeHeapSize                  = 122912730                              {pd product} {ergonomic}
    uintx ProfiledCodeHeapSize                     = 122912730                              {pd product} {ergonomic}
    uintx ReservedCodeCacheSize                    = 251658240                              {pd product} {ergonomic}
     bool SegmentedCodeCache                       = true                                      {product} {ergonomic}
   size_t SoftMaxHeapSize                          = 2055208960                             {manageable} {ergonomic}
     bool UseCompressedOops                        = true                           {product lp64_product} {ergonomic}
     bool UseG1GC                                  = true                                      {product} {ergonomic}
     bool UseLargePagesIndividualAllocation        = false                                  {pd product} {ergonomic}

Logging:
Log output configuration:
 #0: stdout all=warning uptime,level,tags foldmultilines=false
 #1: stderr all=off uptime,level,tags foldmultilines=false

Environment Variables:
PATH=D:\GAME DEV\Git\mingw64\libexec\git-core;D:\GAME DEV\Git\mingw64\libexec\git-core;D:\GAME DEV\Git\mingw64\bin;D:\GAME DEV\Git\usr\bin;C:\Users\DHRUV\bin;C:\Program Files\Common Files\Oracle\Java\javapath;C:\WINDOWS\system32;C:\WINDOWS;C:\WINDOWS\System32\Wbem;C:\WINDOWS\System32\WindowsPowerShell\v1.0;C:\WINDOWS\System32\OpenSSH;D:\GAME DEV\Git\cmd;C:\Program Files\dotnet;C:\Users\DHRUV\.local\bin;C:\Users\DHRUV\AppData\Local\Programs\Python\Python313\Scripts;C:\Users\DHRUV\AppData\Local\Programs\Python\Python313;C:\Users\DHRUV\AppData\Local\Microsoft\WindowsApps;D:\GAME DEV\Microsoft VS Code\bin;C:\Users\DHRUV\AppData\Local\GitHubDesktop\bin;D:\MinGW\bin;C:\Users\DHRUV\.lmstudio\bin;D:\GAME DEV\IntelliJ IDEA Community Edition 2024.3.5\bin
USERNAME=DHRUV
DISPLAY=:0.0
LC_ALL=en_US.UTF-8
TERM=xterm-256color
TMPDIR=C:\Users\DHRUV\AppData\Local\Temp
OS=Windows_NT
PROCESSOR_IDENTIFIER=Intel64 Family 6 Model 140 Stepping 1, GenuineIntel
TMP=C:\Users\DHRUV\AppData\Local\Temp
TEMP=C:\Users\DHRUV\AppData\Local\Temp




Periodic native trim disabled

JNI global refs:
JNI global refs: 0, weak refs: 0

JNI global refs memory usage: 0, weak refs: 0

Process memory usage:
Resident Set Size: 13652K (0% of 8021684K total physical memory with 578476K free physical memory)

OOME stack traces (most recent first):
Classloader memory used:

---------------  S Y S T E M  ---------------

OS:
 Windows 11 , 64 bit Build 26100 (10.0.26100.3323)
OS uptime: 2 days 2:46 hours
Hyper-V role detected

CPU: total 4 (initial active 4) (2 cores per cpu, 2 threads per core) family 6 model 140 stepping 1 microcode 0xb4, cx8, cmov, fxsr, ht, mmx, 3dnowpref, sse, sse2, sse3, ssse3, sse4.1, sse4.2, popcnt, lzcnt, tsc, tscinvbit, avx, avx2, aes, erms, clmul, bmi1, bmi2, adx, avx512f, avx512dq, avx512cd, avx512bw, avx512vl, sha, fma, vzeroupper, avx512_vpopcntdq, avx512_vpclmulqdq, avx512_vaes, avx512_vnni, clflush, clflushopt, clwb, avx512_vbmi2, avx512_vbmi, hv, rdtscp, rdpid, fsrm, gfni, avx512_bitalg, f16c, cet_ibt, cet_ss, avx512_ifma
Processor Information for processor 0
  Max Mhz: 2901, Current Mhz: 2800, Mhz Limit: 2901
Processor Information for processor 1
  Max Mhz: 2901, Current Mhz: 1000, Mhz Limit: 2901
Processor Information for processor 2
  Max Mhz: 2901, Current Mhz: 2800, Mhz Limit: 2901
Processor Information for processor 3
  Max Mhz: 2901, Current Mhz: 1000, Mhz Limit: 2901

Memory: 4k page, system-wide physical 7833M (564M free)
TotalPageFile size 15458M (AvailPageFile size 73M)
current process WorkingSet (physical memory assigned to process): 13M, peak: 13M
current process commit charge ("private bytes"): 52M, peak: 176M

vm_info: OpenJDK 64-Bit Server VM (21.0.6+8-b631.39) for windows-amd64 JRE (21.0.6+8-b631.39), built on 2025-02-04 by "builduser" with MS VC++ 16.10 / 16.11 (VS2019)

END.
