#
# There is insufficient memory for the Java Runtime Environment to continue.
# Native memory allocation (mmap) failed to map 130023424 bytes. Error detail: G1 virtual space
# Possible reasons:
#   The system is out of physical RAM or swap space
#   This process is running with CompressedOops enabled, and the Java Heap may be blocking the growth of the native heap
# Possible solutions:
#   Reduce memory load on the system
#   Increase physical memory or swap space
#   Check if swap backing store is full
#   Decrease Java heap size (-Xmx/-Xms)
#   Decrease number of Java threads
#   Decrease Java thread stack sizes (-Xss)
#   Set larger code cache with -XX:ReservedCodeCacheSize=
#   JVM is running with Unscaled Compressed Oops mode in which the Java heap is
#     placed in the first 4GB address space. The Java Heap base address is the
#     maximum limit for the native heap growth. Please use -XX:HeapBaseMinAddress
#     to set the Java Heap base and to place the Java Heap above 4GB virtual address.
# This output file may be truncated or incomplete.
#
#  Out of Memory Error (os_windows.cpp:3898), pid=21356, tid=6980
#
# JRE version:  (21.0.6+9) (build )
# Java VM: OpenJDK 64-Bit Server VM (21.0.6+9-b895.109, mixed mode, sharing, tiered, compressed oops, compressed class ptrs, g1 gc, windows-amd64)
# No core dump will be written. Minidumps are not enabled by default on client versions of Windows
#

---------------  S U M M A R Y ------------

Command Line: git4idea.http.GitAskPassApp Username for 'https://github.com': 

Host: 11th Gen Intel(R) Core(TM) i3-1115G4 @ 3.00GHz, 4 cores, 7G,  Windows 11 , 64 bit Build 26100 (10.0.26100.3912)
Time: Tue Apr 29 10:52:33 2025 India Standard Time elapsed time: 0.143429 seconds (0d 0h 0m 0s)

---------------  T H R E A D  ---------------

Current thread (0x000001a85dc1f8f0):  JavaThread "Unknown thread" [_thread_in_vm, id=6980, stack(0x000000098e600000,0x000000098e700000) (1024K)]

Stack: [0x000000098e600000,0x000000098e700000]
Native frames: (J=compiled Java code, j=interpreted, Vv=VM code, C=native code)
V  [jvm.dll+0x6e5cb9]
V  [jvm.dll+0x8c4113]
V  [jvm.dll+0x8c666e]
V  [jvm.dll+0x8c6d53]
V  [jvm.dll+0x288f76]
V  [jvm.dll+0x6e2575]
V  [jvm.dll+0x6d602a]
V  [jvm.dll+0x3635db]
V  [jvm.dll+0x36b1a6]
V  [jvm.dll+0x3bd4f6]
V  [jvm.dll+0x3bd7c8]
V  [jvm.dll+0x335d2c]
V  [jvm.dll+0x336a1b]
V  [jvm.dll+0x88b569]
V  [jvm.dll+0x3ca6c8]
V  [jvm.dll+0x8745b8]
V  [jvm.dll+0x45f0de]
V  [jvm.dll+0x460dc1]
C  [jli.dll+0x52ab]
C  [ucrtbase.dll+0x37b0]
C  [KERNEL32.DLL+0x2e8d7]
C  [ntdll.dll+0x9c5dc]


---------------  P R O C E S S  ---------------

Threads class SMR info:
_java_thread_list=0x00007ffbebd5a148, length=0, elements={
}

Java Threads: ( => current thread )
Total: 0

Other Threads:
  0x000001a85dc6fd30 WorkerThread "GC Thread#0"                     [id=13852, stack(0x000000098e700000,0x000000098e800000) (1024K)]
  0x000001a85dc81090 ConcurrentGCThread "G1 Main Marker"            [id=16628, stack(0x000000098e800000,0x000000098e900000) (1024K)]
  0x000001a85dc81b90 WorkerThread "G1 Conc#0"                       [id=11012, stack(0x000000098e900000,0x000000098ea00000) (1024K)]

[error occurred during error reporting (printing all threads), id 0xc0000005, EXCEPTION_ACCESS_VIOLATION (0xc0000005) at pc=0x00007ffbeb448e07]
VM state: not at safepoint (not fully initialized)

VM Mutex/Monitor currently owned by a thread:  ([mutex/lock_event])
[0x00007ffbebdceb30] Heap_lock - owner thread: 0x000001a85dc1f8f0

Heap address: 0x0000000085800000, size: 1960 MB, Compressed Oops mode: 32-bit

CDS archive(s) mapped at: [0x0000000000000000-0x0000000000000000-0x0000000000000000), size 0, SharedBaseAddress: 0x0000000800000000, ArchiveRelocationMode: 1.
Narrow klass base: 0x0000000000000000, Narrow klass shift: 0, Narrow klass range: 0x0

GC Precious Log:
 CardTable entry size: 512
 Card Set container configuration: InlinePtr #cards 5 size 8 Array Of Cards #cards 12 size 40 Howl #buckets 4 coarsen threshold 1843 Howl Bitmap #cards 512 size 80 coarsen threshold 460 Card regions per heap region 1 cards per card region 2048

Heap:
 garbage-first heap   total 0K, used 0K [0x0000000085800000, 0x0000000100000000)
  region size 1024K, 0 young (0K), 0 survivors (0K)
 Metaspace       used 0K, committed 0K, reserved 0K
  class space    used 0K, committed 0K, reserved 0K

Heap Regions: E=young(eden), S=young(survivor), O=old, HS=humongous(starts), HC=humongous(continues), CS=collection set, F=free, TAMS=top-at-mark-start, PB=parsable bottom

Card table byte_map: [0x000001a871030000,0x000001a871410000] _byte_map_base: 0x000001a870c04000

Marking Bits: (CMBitMap*) 0x000001a85dc70430
 Bits: [0x000001a871410000, 0x000001a8732b0000)

GC Heap History (0 events):
No events

Dll operation events (1 events):
Event: 0.006 Loaded shared library D:\GAME DEV\PyCharm Community Edition 2024.3.5\jbr\bin\java.dll

Deoptimization events (0 events):
No events

Classes loaded (0 events):
No events

Classes unloaded (0 events):
No events

Classes redefined (0 events):
No events

Internal exceptions (0 events):
No events

ZGC Phase Switch (0 events):
No events

VM Operations (0 events):
No events

Memory protections (0 events):
No events

Nmethod flushes (0 events):
No events

Events (0 events):
No events


Dynamic libraries:
0x00007ff70b250000 - 0x00007ff70b25a000 	D:\GAME DEV\PyCharm Community Edition 2024.3.5\jbr\bin\java.exe
0x00007ffc41300000 - 0x00007ffc41566000 	C:\WINDOWS\SYSTEM32\ntdll.dll
0x00007ffc402c0000 - 0x00007ffc40389000 	C:\WINDOWS\System32\KERNEL32.DLL
0x00007ffc3ecf0000 - 0x00007ffc3f0bc000 	C:\WINDOWS\System32\KERNELBASE.dll
0x00007ffc3e490000 - 0x00007ffc3e5db000 	C:\WINDOWS\System32\ucrtbase.dll
0x00007ffc36780000 - 0x00007ffc3679b000 	D:\GAME DEV\PyCharm Community Edition 2024.3.5\jbr\bin\VCRUNTIME140.dll
0x00007ffc13ba0000 - 0x00007ffc13bb8000 	D:\GAME DEV\PyCharm Community Edition 2024.3.5\jbr\bin\jli.dll
0x00007ffc40cc0000 - 0x00007ffc40e8a000 	C:\WINDOWS\System32\USER32.dll
0x00007ffc1ef50000 - 0x00007ffc1f1ea000 	C:\WINDOWS\WinSxS\amd64_microsoft.windows.common-controls_6595b64144ccf1df_6.0.26100.3912_none_3e07963ce335137e\COMCTL32.dll
0x00007ffc3eb40000 - 0x00007ffc3eb67000 	C:\WINDOWS\System32\win32u.dll
0x00007ffc40ba0000 - 0x00007ffc40c49000 	C:\WINDOWS\System32\msvcrt.dll
0x00007ffc41150000 - 0x00007ffc4117b000 	C:\WINDOWS\System32\GDI32.dll
0x00007ffc3e890000 - 0x00007ffc3e9c2000 	C:\WINDOWS\System32\gdi32full.dll
0x00007ffc3e9d0000 - 0x00007ffc3ea73000 	C:\WINDOWS\System32\msvcp_win.dll
0x00007ffc3f290000 - 0x00007ffc3f2c0000 	C:\WINDOWS\System32\IMM32.DLL
0x00007ffc36770000 - 0x00007ffc3677c000 	D:\GAME DEV\PyCharm Community Edition 2024.3.5\jbr\bin\vcruntime140_1.dll
0x00007ffbe80a0000 - 0x00007ffbe812d000 	D:\GAME DEV\PyCharm Community Edition 2024.3.5\jbr\bin\msvcp140.dll
0x00007ffbeb100000 - 0x00007ffbebec1000 	D:\GAME DEV\PyCharm Community Edition 2024.3.5\jbr\bin\server\jvm.dll
0x00007ffc3f7e0000 - 0x00007ffc3f892000 	C:\WINDOWS\System32\ADVAPI32.dll
0x00007ffc40fa0000 - 0x00007ffc41046000 	C:\WINDOWS\System32\sechost.dll
0x00007ffc3f0c0000 - 0x00007ffc3f1d6000 	C:\WINDOWS\System32\RPCRT4.dll
0x00007ffc3f2d0000 - 0x00007ffc3f344000 	C:\WINDOWS\System32\WS2_32.dll
0x00007ffc3e300000 - 0x00007ffc3e35e000 	C:\WINDOWS\SYSTEM32\POWRPROF.dll
0x00007ffc2b330000 - 0x00007ffc2b33b000 	C:\WINDOWS\SYSTEM32\VERSION.dll
0x00007ffc337d0000 - 0x00007ffc33806000 	C:\WINDOWS\SYSTEM32\WINMM.dll
0x00007ffc3e2e0000 - 0x00007ffc3e2f4000 	C:\WINDOWS\SYSTEM32\UMPDC.dll
0x00007ffc3d230000 - 0x00007ffc3d24a000 	C:\WINDOWS\SYSTEM32\kernel.appcore.dll
0x00007ffc365d0000 - 0x00007ffc365da000 	D:\GAME DEV\PyCharm Community Edition 2024.3.5\jbr\bin\jimage.dll
0x00007ffc3bd70000 - 0x00007ffc3bfb1000 	C:\WINDOWS\SYSTEM32\DBGHELP.DLL
0x00007ffc3fa50000 - 0x00007ffc3fdd4000 	C:\WINDOWS\System32\combase.dll
0x00007ffc41180000 - 0x00007ffc41260000 	C:\WINDOWS\System32\OLEAUT32.dll
0x00007ffc19f30000 - 0x00007ffc19f69000 	C:\WINDOWS\SYSTEM32\dbgcore.DLL
0x00007ffc3e7f0000 - 0x00007ffc3e889000 	C:\WINDOWS\System32\bcryptPrimitives.dll
0x00007ffc360e0000 - 0x00007ffc36100000 	D:\GAME DEV\PyCharm Community Edition 2024.3.5\jbr\bin\java.dll

dbghelp: loaded successfully - version: 4.0.5 - missing functions: none
symbol engine: initialized successfully - sym options: 0x614 - pdb path: .;D:\GAME DEV\PyCharm Community Edition 2024.3.5\jbr\bin;C:\WINDOWS\SYSTEM32;C:\WINDOWS\WinSxS\amd64_microsoft.windows.common-controls_6595b64144ccf1df_6.0.26100.3912_none_3e07963ce335137e;D:\GAME DEV\PyCharm Community Edition 2024.3.5\jbr\bin\server

VM Arguments:
java_command: git4idea.http.GitAskPassApp Username for 'https://github.com': 
java_class_path (initial): D:/GAME DEV/PyCharm Community Edition 2024.3.5/plugins/vcs-git/lib/git4idea-rt.jar;D:/GAME DEV/PyCharm Community Edition 2024.3.5/lib/externalProcess-rt.jar
Launcher Type: SUN_STANDARD

[Global flags]
     intx CICompilerCount                          = 3                                         {product} {ergonomic}
     uint ConcGCThreads                            = 1                                         {product} {ergonomic}
     uint G1ConcRefinementThreads                  = 4                                         {product} {ergonomic}
   size_t G1HeapRegionSize                         = 1048576                                   {product} {ergonomic}
    uintx GCDrainStackTargetSize                   = 64                                        {product} {ergonomic}
   size_t InitialHeapSize                          = 130023424                                 {product} {ergonomic}
   size_t MarkStackSize                            = 4194304                                   {product} {ergonomic}
   size_t MaxHeapSize                              = 2055208960                                {product} {ergonomic}
   size_t MinHeapDeltaBytes                        = 1048576                                   {product} {ergonomic}
   size_t MinHeapSize                              = 8388608                                   {product} {ergonomic}
    uintx NonNMethodCodeHeapSize                   = 5832780                                {pd product} {ergonomic}
    uintx NonProfiledCodeHeapSize                  = 122912730                              {pd product} {ergonomic}
    uintx ProfiledCodeHeapSize                     = 122912730                              {pd product} {ergonomic}
    uintx ReservedCodeCacheSize                    = 251658240                              {pd product} {ergonomic}
     bool SegmentedCodeCache                       = true                                      {product} {ergonomic}
   size_t SoftMaxHeapSize                          = 2055208960                             {manageable} {ergonomic}
     bool UseCompressedOops                        = true                           {product lp64_product} {ergonomic}
     bool UseG1GC                                  = true                                      {product} {ergonomic}
     bool UseLargePagesIndividualAllocation        = false                                  {pd product} {ergonomic}

Logging:
Log output configuration:
 #0: stdout all=warning uptime,level,tags foldmultilines=false
 #1: stderr all=off uptime,level,tags foldmultilines=false

Environment Variables:
PATH=D:\GAME DEV\Git\mingw64\libexec\git-core;D:\GAME DEV\Git\mingw64\libexec\git-core;D:\GAME DEV\Git\mingw64\bin;D:\GAME DEV\Git\usr\bin;C:\Users\DHRUV\bin;D:\PROGRAM\PYPROGRAM\inter\.venv\Scripts;C:\Program Files\Common Files\Oracle\Java\javapath;C:\WINDOWS\system32;C:\WINDOWS;C:\WINDOWS\System32\Wbem;C:\WINDOWS\System32\WindowsPowerShell\v1.0;C:\WINDOWS\System32\OpenSSH;D:\GAME DEV\Git\cmd;C:\Program Files\dotnet;F:\RW\Shared\OpenExport\bin;C:\Users\DHRUV\.local\bin;C:\Users\DHRUV\AppData\Local\Programs\Python\Python313\Scripts;C:\Users\DHRUV\AppData\Local\Programs\Python\Python313;C:\Users\DHRUV\AppData\Local\Microsoft\WindowsApps;D:\GAME DEV\Microsoft VS Code\bin;C:\Users\DHRUV\AppData\Local\GitHubDesktop\bin;D:\MinGW\bin;C:\Users\DHRUV\.lmstudio\bin;D:\GAME DEV\IntelliJ IDEA Community Edition 2024.3.5\bin;D:\GAME DEV\PyCharm Community Edition 2024.3.5\bin;D:\GAME DEV\mongosh;D:\GAME DEV\mongosh\mongosh.exe
USERNAME=DHRUV
DISPLAY=:0.0
LC_ALL=en_US.UTF-8
TERM=xterm-256color
TMPDIR=C:\Users\DHRUV\AppData\Local\Temp
OS=Windows_NT
PROCESSOR_IDENTIFIER=Intel64 Family 6 Model 140 Stepping 1, GenuineIntel
TMP=C:\Users\DHRUV\AppData\Local\Temp
TEMP=C:\Users\DHRUV\AppData\Local\Temp




Periodic native trim disabled

JNI global refs:
JNI global refs: 0, weak refs: 0

JNI global refs memory usage: 0, weak refs: 0

Process memory usage:
Resident Set Size: 12528K (0% of 8021684K total physical memory with 1045832K free physical memory)

OOME stack traces (most recent first):
Classloader memory used:

---------------  S Y S T E M  ---------------

OS:
 Windows 11 , 64 bit Build 26100 (10.0.26100.3912)
OS uptime: 2 days 17:26 hours
Hyper-V role detected

CPU: total 4 (initial active 4) (2 cores per cpu, 2 threads per core) family 6 model 140 stepping 1 microcode 0xb4, cx8, cmov, fxsr, ht, mmx, 3dnowpref, sse, sse2, sse3, ssse3, sse4.1, sse4.2, popcnt, lzcnt, tsc, tscinvbit, avx, avx2, aes, erms, clmul, bmi1, bmi2, adx, avx512f, avx512dq, avx512cd, avx512bw, avx512vl, sha, fma, vzeroupper, avx512_vpopcntdq, avx512_vpclmulqdq, avx512_vaes, avx512_vnni, clflush, clflushopt, clwb, avx512_vbmi2, avx512_vbmi, hv, rdtscp, rdpid, fsrm, gfni, avx512_bitalg, f16c, cet_ibt, cet_ss, avx512_ifma
Processor Information for processor 0
  Max Mhz: 2901, Current Mhz: 1100, Mhz Limit: 2901
Processor Information for processor 1
  Max Mhz: 2901, Current Mhz: 2901, Mhz Limit: 2901
Processor Information for processor 2
  Max Mhz: 2901, Current Mhz: 2901, Mhz Limit: 2901
Processor Information for processor 3
  Max Mhz: 2901, Current Mhz: 1100, Mhz Limit: 2901

Memory: 4k page, system-wide physical 7833M (1021M free)
TotalPageFile size 15458M (AvailPageFile size 55M)
current process WorkingSet (physical memory assigned to process): 12M, peak: 12M
current process commit charge ("private bytes"): 52M, peak: 176M

vm_info: OpenJDK 64-Bit Server VM (21.0.6+9-b895.109) for windows-amd64 JRE (21.0.6+9-b895.109), built on 2025-03-26 by "builduser" with MS VC++ 16.10 / 16.11 (VS2019)

END.
