#
# There is insufficient memory for the Java Runtime Environment to continue.
# Native memory allocation (malloc) failed to allocate 148816 bytes. Error detail: Chunk::new
# Possible reasons:
#   The system is out of physical RAM or swap space
#   This process is running with CompressedOops enabled, and the Java Heap may be blocking the growth of the native heap
# Possible solutions:
#   Reduce memory load on the system
#   Increase physical memory or swap space
#   Check if swap backing store is full
#   Decrease Java heap size (-Xmx/-Xms)
#   Decrease number of Java threads
#   Decrease Java thread stack sizes (-Xss)
#   Set larger code cache with -XX:ReservedCodeCacheSize=
#   JVM is running with Unscaled Compressed Oops mode in which the Java heap is
#     placed in the first 4GB address space. The Java Heap base address is the
#     maximum limit for the native heap growth. Please use -XX:HeapBaseMinAddress
#     to set the Java Heap base and to place the Java Heap above 4GB virtual address.
# This output file may be truncated or incomplete.
#
#  Out of Memory Error (arena.cpp:168), pid=21764, tid=1812
#
# JRE version: OpenJDK Runtime Environment JBR-21.0.6+8-631.39-jcef (21.0.6+8) (build 21.0.6+8-b631.39)
# Java VM: OpenJDK 64-Bit Server VM JBR-21.0.6+8-631.39-jcef (21.0.6+8-b631.39, mixed mode, sharing, tiered, compressed oops, compressed class ptrs, g1 gc, windows-amd64)
# No core dump will be written. Minidumps are not enabled by default on client versions of Windows
#

---------------  S U M M A R Y ------------

Command Line: git4idea.http.GitAskPassApp Username for 'https://github.com': 

Host: 11th Gen Intel(R) Core(TM) i3-1115G4 @ 3.00GHz, 4 cores, 7G,  Windows 11 , 64 bit Build 26100 (10.0.26100.3323)
Time: Thu Apr 10 18:32:01 2025 India Standard Time elapsed time: 0.357602 seconds (0d 0h 0m 0s)

---------------  T H R E A D  ---------------

Current thread (0x00000166bb80fa70):  JavaThread "C2 CompilerThread0" daemon [_thread_in_native, id=1812, stack(0x0000005b7b500000,0x0000005b7b600000) (1024K)]


Current CompileTask:
C2:357  295       4       java.lang.StringLatin1::toUpperCase (186 bytes)

Stack: [0x0000005b7b500000,0x0000005b7b600000]
Native frames: (J=compiled Java code, j=interpreted, Vv=VM code, C=native code)
V  [jvm.dll+0x6e5d39]
V  [jvm.dll+0x8c4133]
V  [jvm.dll+0x8c668e]
V  [jvm.dll+0x8c6d73]
V  [jvm.dll+0x288f76]
V  [jvm.dll+0xc66dd]
V  [jvm.dll+0xc6c13]
V  [jvm.dll+0x3c46a1]
V  [jvm.dll+0x3902c7]
V  [jvm.dll+0x38f73a]
V  [jvm.dll+0x2507c2]
V  [jvm.dll+0x24fd91]
V  [jvm.dll+0x1cd6c4]
V  [jvm.dll+0x25f60c]
V  [jvm.dll+0x25db56]
V  [jvm.dll+0x3ff756]
V  [jvm.dll+0x86bd48]
V  [jvm.dll+0x6e453d]
C  [ucrtbase.dll+0x37b0]
C  [KERNEL32.DLL+0x2e8d7]
C  [ntdll.dll+0xbbf6c]


---------------  P R O C E S S  ---------------

Threads class SMR info:
_java_thread_list=0x00000166bba67240, length=11, elements={
0x00000166a19c3130, 0x00000166bb807970, 0x00000166bb8091d0, 0x00000166bb80ca40,
0x00000166bb80d580, 0x00000166bb80e0c0, 0x00000166bb80ec00, 0x00000166bb80fa70,
0x00000166bb8483b0, 0x00000166bba89b10, 0x00000166bba8fb70
}

Java Threads: ( => current thread )
  0x00000166a19c3130 JavaThread "main"                              [_thread_in_native, id=1592, stack(0x0000005b7a700000,0x0000005b7a800000) (1024K)]
  0x00000166bb807970 JavaThread "Reference Handler"          daemon [_thread_blocked, id=14468, stack(0x0000005b7af00000,0x0000005b7b000000) (1024K)]
  0x00000166bb8091d0 JavaThread "Finalizer"                  daemon [_thread_blocked, id=6624, stack(0x0000005b7b000000,0x0000005b7b100000) (1024K)]
  0x00000166bb80ca40 JavaThread "Signal Dispatcher"          daemon [_thread_blocked, id=4276, stack(0x0000005b7b100000,0x0000005b7b200000) (1024K)]
  0x00000166bb80d580 JavaThread "Attach Listener"            daemon [_thread_blocked, id=17136, stack(0x0000005b7b200000,0x0000005b7b300000) (1024K)]
  0x00000166bb80e0c0 JavaThread "Service Thread"             daemon [_thread_blocked, id=20576, stack(0x0000005b7b300000,0x0000005b7b400000) (1024K)]
  0x00000166bb80ec00 JavaThread "Monitor Deflation Thread"   daemon [_thread_blocked, id=17412, stack(0x0000005b7b400000,0x0000005b7b500000) (1024K)]
=>0x00000166bb80fa70 JavaThread "C2 CompilerThread0"         daemon [_thread_in_native, id=1812, stack(0x0000005b7b500000,0x0000005b7b600000) (1024K)]
  0x00000166bb8483b0 JavaThread "C1 CompilerThread0"         daemon [_thread_blocked, id=21632, stack(0x0000005b7b600000,0x0000005b7b700000) (1024K)]
  0x00000166bba89b10 JavaThread "Notification Thread"        daemon [_thread_blocked, id=3752, stack(0x0000005b7b700000,0x0000005b7b800000) (1024K)]
  0x00000166bba8fb70 JavaThread "Common-Cleaner"             daemon [_thread_blocked, id=19392, stack(0x0000005b7b800000,0x0000005b7b900000) (1024K)]
Total: 11

Other Threads:
  0x00000166bb7e7820 VMThread "VM Thread"                           [id=15028, stack(0x0000005b7ae00000,0x0000005b7af00000) (1024K)]
  0x00000166bb7d6b90 WatcherThread "VM Periodic Task Thread"        [id=4824, stack(0x0000005b7ad00000,0x0000005b7ae00000) (1024K)]
  0x00000166a3daa710 WorkerThread "GC Thread#0"                     [id=11104, stack(0x0000005b7a800000,0x0000005b7a900000) (1024K)]
  0x00000166a3dbbc00 ConcurrentGCThread "G1 Main Marker"            [id=2628, stack(0x0000005b7a900000,0x0000005b7aa00000) (1024K)]
  0x00000166a3dbdb10 WorkerThread "G1 Conc#0"                       [id=11832, stack(0x0000005b7aa00000,0x0000005b7ab00000) (1024K)]
  0x00000166a3e1e910 ConcurrentGCThread "G1 Refine#0"               [id=10620, stack(0x0000005b7ab00000,0x0000005b7ac00000) (1024K)]
  0x00000166bb6a74b0 ConcurrentGCThread "G1 Service"                [id=17516, stack(0x0000005b7ac00000,0x0000005b7ad00000) (1024K)]
Total: 7

Threads with active compile tasks:
C2 CompilerThread0  381  295       4       java.lang.StringLatin1::toUpperCase (186 bytes)
Total: 1

VM state: not at safepoint (normal execution)

VM Mutex/Monitor currently owned by a thread: None

Heap address: 0x0000000085800000, size: 1960 MB, Compressed Oops mode: 32-bit

CDS archive(s) mapped at: [0x00000166bc000000-0x00000166bcd00000-0x00000166bcd00000), size 13631488, SharedBaseAddress: 0x00000166bc000000, ArchiveRelocationMode: 1.
Compressed class space mapped at: 0x00000166bd000000-0x00000166fd000000, reserved size: 1073741824
Narrow klass base: 0x00000166bc000000, Narrow klass shift: 0, Narrow klass range: 0x100000000

GC Precious Log:
 CardTable entry size: 512
 Card Set container configuration: InlinePtr #cards 5 size 8 Array Of Cards #cards 12 size 40 Howl #buckets 4 coarsen threshold 1843 Howl Bitmap #cards 512 size 80 coarsen threshold 460 Card regions per heap region 1 cards per card region 2048
 CPUs: 4 total, 4 available
 Memory: 7833M
 Large Page Support: Disabled
 NUMA Support: Disabled
 Compressed Oops: Enabled (32-bit)
 Heap Region Size: 1M
 Heap Min Capacity: 8M
 Heap Initial Capacity: 124M
 Heap Max Capacity: 1960M
 Pre-touch: Disabled
 Parallel Workers: 4
 Concurrent Workers: 1
 Concurrent Refinement Workers: 4
 Periodic GC: Disabled

Heap:
 garbage-first heap   total 126976K, used 4096K [0x0000000085800000, 0x0000000100000000)
  region size 1024K, 5 young (5120K), 0 survivors (0K)
 Metaspace       used 2653K, committed 2816K, reserved 1114112K
  class space    used 282K, committed 384K, reserved 1048576K

Heap Regions: E=young(eden), S=young(survivor), O=old, HS=humongous(starts), HC=humongous(continues), CS=collection set, F=free, TAMS=top-at-mark-start, PB=parsable bottom
|   0|0x0000000085800000, 0x0000000085800000, 0x0000000085900000|  0%| F|  |TAMS 0x0000000085800000| PB 0x0000000085800000| Untracked 
|   1|0x0000000085900000, 0x0000000085900000, 0x0000000085a00000|  0%| F|  |TAMS 0x0000000085900000| PB 0x0000000085900000| Untracked 
|   2|0x0000000085a00000, 0x0000000085a00000, 0x0000000085b00000|  0%| F|  |TAMS 0x0000000085a00000| PB 0x0000000085a00000| Untracked 
|   3|0x0000000085b00000, 0x0000000085b00000, 0x0000000085c00000|  0%| F|  |TAMS 0x0000000085b00000| PB 0x0000000085b00000| Untracked 
|   4|0x0000000085c00000, 0x0000000085c00000, 0x0000000085d00000|  0%| F|  |TAMS 0x0000000085c00000| PB 0x0000000085c00000| Untracked 
|   5|0x0000000085d00000, 0x0000000085d00000, 0x0000000085e00000|  0%| F|  |TAMS 0x0000000085d00000| PB 0x0000000085d00000| Untracked 
|   6|0x0000000085e00000, 0x0000000085e00000, 0x0000000085f00000|  0%| F|  |TAMS 0x0000000085e00000| PB 0x0000000085e00000| Untracked 
|   7|0x0000000085f00000, 0x0000000085f00000, 0x0000000086000000|  0%| F|  |TAMS 0x0000000085f00000| PB 0x0000000085f00000| Untracked 
|   8|0x0000000086000000, 0x0000000086000000, 0x0000000086100000|  0%| F|  |TAMS 0x0000000086000000| PB 0x0000000086000000| Untracked 
|   9|0x0000000086100000, 0x0000000086100000, 0x0000000086200000|  0%| F|  |TAMS 0x0000000086100000| PB 0x0000000086100000| Untracked 
|  10|0x0000000086200000, 0x0000000086200000, 0x0000000086300000|  0%| F|  |TAMS 0x0000000086200000| PB 0x0000000086200000| Untracked 
|  11|0x0000000086300000, 0x0000000086300000, 0x0000000086400000|  0%| F|  |TAMS 0x0000000086300000| PB 0x0000000086300000| Untracked 
|  12|0x0000000086400000, 0x0000000086400000, 0x0000000086500000|  0%| F|  |TAMS 0x0000000086400000| PB 0x0000000086400000| Untracked 
|  13|0x0000000086500000, 0x0000000086500000, 0x0000000086600000|  0%| F|  |TAMS 0x0000000086500000| PB 0x0000000086500000| Untracked 
|  14|0x0000000086600000, 0x0000000086600000, 0x0000000086700000|  0%| F|  |TAMS 0x0000000086600000| PB 0x0000000086600000| Untracked 
|  15|0x0000000086700000, 0x0000000086700000, 0x0000000086800000|  0%| F|  |TAMS 0x0000000086700000| PB 0x0000000086700000| Untracked 
|  16|0x0000000086800000, 0x0000000086800000, 0x0000000086900000|  0%| F|  |TAMS 0x0000000086800000| PB 0x0000000086800000| Untracked 
|  17|0x0000000086900000, 0x0000000086900000, 0x0000000086a00000|  0%| F|  |TAMS 0x0000000086900000| PB 0x0000000086900000| Untracked 
|  18|0x0000000086a00000, 0x0000000086a00000, 0x0000000086b00000|  0%| F|  |TAMS 0x0000000086a00000| PB 0x0000000086a00000| Untracked 
|  19|0x0000000086b00000, 0x0000000086b00000, 0x0000000086c00000|  0%| F|  |TAMS 0x0000000086b00000| PB 0x0000000086b00000| Untracked 
|  20|0x0000000086c00000, 0x0000000086c00000, 0x0000000086d00000|  0%| F|  |TAMS 0x0000000086c00000| PB 0x0000000086c00000| Untracked 
|  21|0x0000000086d00000, 0x0000000086d00000, 0x0000000086e00000|  0%| F|  |TAMS 0x0000000086d00000| PB 0x0000000086d00000| Untracked 
|  22|0x0000000086e00000, 0x0000000086e00000, 0x0000000086f00000|  0%| F|  |TAMS 0x0000000086e00000| PB 0x0000000086e00000| Untracked 
|  23|0x0000000086f00000, 0x0000000086f00000, 0x0000000087000000|  0%| F|  |TAMS 0x0000000086f00000| PB 0x0000000086f00000| Untracked 
|  24|0x0000000087000000, 0x0000000087000000, 0x0000000087100000|  0%| F|  |TAMS 0x0000000087000000| PB 0x0000000087000000| Untracked 
|  25|0x0000000087100000, 0x0000000087100000, 0x0000000087200000|  0%| F|  |TAMS 0x0000000087100000| PB 0x0000000087100000| Untracked 
|  26|0x0000000087200000, 0x0000000087200000, 0x0000000087300000|  0%| F|  |TAMS 0x0000000087200000| PB 0x0000000087200000| Untracked 
|  27|0x0000000087300000, 0x0000000087300000, 0x0000000087400000|  0%| F|  |TAMS 0x0000000087300000| PB 0x0000000087300000| Untracked 
|  28|0x0000000087400000, 0x0000000087400000, 0x0000000087500000|  0%| F|  |TAMS 0x0000000087400000| PB 0x0000000087400000| Untracked 
|  29|0x0000000087500000, 0x0000000087500000, 0x0000000087600000|  0%| F|  |TAMS 0x0000000087500000| PB 0x0000000087500000| Untracked 
|  30|0x0000000087600000, 0x0000000087600000, 0x0000000087700000|  0%| F|  |TAMS 0x0000000087600000| PB 0x0000000087600000| Untracked 
|  31|0x0000000087700000, 0x0000000087700000, 0x0000000087800000|  0%| F|  |TAMS 0x0000000087700000| PB 0x0000000087700000| Untracked 
|  32|0x0000000087800000, 0x0000000087800000, 0x0000000087900000|  0%| F|  |TAMS 0x0000000087800000| PB 0x0000000087800000| Untracked 
|  33|0x0000000087900000, 0x0000000087900000, 0x0000000087a00000|  0%| F|  |TAMS 0x0000000087900000| PB 0x0000000087900000| Untracked 
|  34|0x0000000087a00000, 0x0000000087a00000, 0x0000000087b00000|  0%| F|  |TAMS 0x0000000087a00000| PB 0x0000000087a00000| Untracked 
|  35|0x0000000087b00000, 0x0000000087b00000, 0x0000000087c00000|  0%| F|  |TAMS 0x0000000087b00000| PB 0x0000000087b00000| Untracked 
|  36|0x0000000087c00000, 0x0000000087c00000, 0x0000000087d00000|  0%| F|  |TAMS 0x0000000087c00000| PB 0x0000000087c00000| Untracked 
|  37|0x0000000087d00000, 0x0000000087d00000, 0x0000000087e00000|  0%| F|  |TAMS 0x0000000087d00000| PB 0x0000000087d00000| Untracked 
|  38|0x0000000087e00000, 0x0000000087e00000, 0x0000000087f00000|  0%| F|  |TAMS 0x0000000087e00000| PB 0x0000000087e00000| Untracked 
|  39|0x0000000087f00000, 0x0000000087f00000, 0x0000000088000000|  0%| F|  |TAMS 0x0000000087f00000| PB 0x0000000087f00000| Untracked 
|  40|0x0000000088000000, 0x0000000088000000, 0x0000000088100000|  0%| F|  |TAMS 0x0000000088000000| PB 0x0000000088000000| Untracked 
|  41|0x0000000088100000, 0x0000000088100000, 0x0000000088200000|  0%| F|  |TAMS 0x0000000088100000| PB 0x0000000088100000| Untracked 
|  42|0x0000000088200000, 0x0000000088200000, 0x0000000088300000|  0%| F|  |TAMS 0x0000000088200000| PB 0x0000000088200000| Untracked 
|  43|0x0000000088300000, 0x0000000088300000, 0x0000000088400000|  0%| F|  |TAMS 0x0000000088300000| PB 0x0000000088300000| Untracked 
|  44|0x0000000088400000, 0x0000000088400000, 0x0000000088500000|  0%| F|  |TAMS 0x0000000088400000| PB 0x0000000088400000| Untracked 
|  45|0x0000000088500000, 0x0000000088500000, 0x0000000088600000|  0%| F|  |TAMS 0x0000000088500000| PB 0x0000000088500000| Untracked 
|  46|0x0000000088600000, 0x0000000088600000, 0x0000000088700000|  0%| F|  |TAMS 0x0000000088600000| PB 0x0000000088600000| Untracked 
|  47|0x0000000088700000, 0x0000000088700000, 0x0000000088800000|  0%| F|  |TAMS 0x0000000088700000| PB 0x0000000088700000| Untracked 
|  48|0x0000000088800000, 0x0000000088800000, 0x0000000088900000|  0%| F|  |TAMS 0x0000000088800000| PB 0x0000000088800000| Untracked 
|  49|0x0000000088900000, 0x0000000088900000, 0x0000000088a00000|  0%| F|  |TAMS 0x0000000088900000| PB 0x0000000088900000| Untracked 
|  50|0x0000000088a00000, 0x0000000088a00000, 0x0000000088b00000|  0%| F|  |TAMS 0x0000000088a00000| PB 0x0000000088a00000| Untracked 
|  51|0x0000000088b00000, 0x0000000088b00000, 0x0000000088c00000|  0%| F|  |TAMS 0x0000000088b00000| PB 0x0000000088b00000| Untracked 
|  52|0x0000000088c00000, 0x0000000088c00000, 0x0000000088d00000|  0%| F|  |TAMS 0x0000000088c00000| PB 0x0000000088c00000| Untracked 
|  53|0x0000000088d00000, 0x0000000088d00000, 0x0000000088e00000|  0%| F|  |TAMS 0x0000000088d00000| PB 0x0000000088d00000| Untracked 
|  54|0x0000000088e00000, 0x0000000088e00000, 0x0000000088f00000|  0%| F|  |TAMS 0x0000000088e00000| PB 0x0000000088e00000| Untracked 
|  55|0x0000000088f00000, 0x0000000088f00000, 0x0000000089000000|  0%| F|  |TAMS 0x0000000088f00000| PB 0x0000000088f00000| Untracked 
|  56|0x0000000089000000, 0x0000000089000000, 0x0000000089100000|  0%| F|  |TAMS 0x0000000089000000| PB 0x0000000089000000| Untracked 
|  57|0x0000000089100000, 0x0000000089100000, 0x0000000089200000|  0%| F|  |TAMS 0x0000000089100000| PB 0x0000000089100000| Untracked 
|  58|0x0000000089200000, 0x0000000089200000, 0x0000000089300000|  0%| F|  |TAMS 0x0000000089200000| PB 0x0000000089200000| Untracked 
|  59|0x0000000089300000, 0x0000000089300000, 0x0000000089400000|  0%| F|  |TAMS 0x0000000089300000| PB 0x0000000089300000| Untracked 
|  60|0x0000000089400000, 0x0000000089400000, 0x0000000089500000|  0%| F|  |TAMS 0x0000000089400000| PB 0x0000000089400000| Untracked 
|  61|0x0000000089500000, 0x0000000089500000, 0x0000000089600000|  0%| F|  |TAMS 0x0000000089500000| PB 0x0000000089500000| Untracked 
|  62|0x0000000089600000, 0x0000000089600000, 0x0000000089700000|  0%| F|  |TAMS 0x0000000089600000| PB 0x0000000089600000| Untracked 
|  63|0x0000000089700000, 0x0000000089700000, 0x0000000089800000|  0%| F|  |TAMS 0x0000000089700000| PB 0x0000000089700000| Untracked 
|  64|0x0000000089800000, 0x0000000089800000, 0x0000000089900000|  0%| F|  |TAMS 0x0000000089800000| PB 0x0000000089800000| Untracked 
|  65|0x0000000089900000, 0x0000000089900000, 0x0000000089a00000|  0%| F|  |TAMS 0x0000000089900000| PB 0x0000000089900000| Untracked 
|  66|0x0000000089a00000, 0x0000000089a00000, 0x0000000089b00000|  0%| F|  |TAMS 0x0000000089a00000| PB 0x0000000089a00000| Untracked 
|  67|0x0000000089b00000, 0x0000000089b00000, 0x0000000089c00000|  0%| F|  |TAMS 0x0000000089b00000| PB 0x0000000089b00000| Untracked 
|  68|0x0000000089c00000, 0x0000000089c00000, 0x0000000089d00000|  0%| F|  |TAMS 0x0000000089c00000| PB 0x0000000089c00000| Untracked 
|  69|0x0000000089d00000, 0x0000000089d00000, 0x0000000089e00000|  0%| F|  |TAMS 0x0000000089d00000| PB 0x0000000089d00000| Untracked 
|  70|0x0000000089e00000, 0x0000000089e00000, 0x0000000089f00000|  0%| F|  |TAMS 0x0000000089e00000| PB 0x0000000089e00000| Untracked 
|  71|0x0000000089f00000, 0x0000000089f00000, 0x000000008a000000|  0%| F|  |TAMS 0x0000000089f00000| PB 0x0000000089f00000| Untracked 
|  72|0x000000008a000000, 0x000000008a000000, 0x000000008a100000|  0%| F|  |TAMS 0x000000008a000000| PB 0x000000008a000000| Untracked 
|  73|0x000000008a100000, 0x000000008a100000, 0x000000008a200000|  0%| F|  |TAMS 0x000000008a100000| PB 0x000000008a100000| Untracked 
|  74|0x000000008a200000, 0x000000008a200000, 0x000000008a300000|  0%| F|  |TAMS 0x000000008a200000| PB 0x000000008a200000| Untracked 
|  75|0x000000008a300000, 0x000000008a300000, 0x000000008a400000|  0%| F|  |TAMS 0x000000008a300000| PB 0x000000008a300000| Untracked 
|  76|0x000000008a400000, 0x000000008a400000, 0x000000008a500000|  0%| F|  |TAMS 0x000000008a400000| PB 0x000000008a400000| Untracked 
|  77|0x000000008a500000, 0x000000008a500000, 0x000000008a600000|  0%| F|  |TAMS 0x000000008a500000| PB 0x000000008a500000| Untracked 
|  78|0x000000008a600000, 0x000000008a600000, 0x000000008a700000|  0%| F|  |TAMS 0x000000008a600000| PB 0x000000008a600000| Untracked 
|  79|0x000000008a700000, 0x000000008a700000, 0x000000008a800000|  0%| F|  |TAMS 0x000000008a700000| PB 0x000000008a700000| Untracked 
|  80|0x000000008a800000, 0x000000008a800000, 0x000000008a900000|  0%| F|  |TAMS 0x000000008a800000| PB 0x000000008a800000| Untracked 
|  81|0x000000008a900000, 0x000000008a900000, 0x000000008aa00000|  0%| F|  |TAMS 0x000000008a900000| PB 0x000000008a900000| Untracked 
|  82|0x000000008aa00000, 0x000000008aa00000, 0x000000008ab00000|  0%| F|  |TAMS 0x000000008aa00000| PB 0x000000008aa00000| Untracked 
|  83|0x000000008ab00000, 0x000000008ab00000, 0x000000008ac00000|  0%| F|  |TAMS 0x000000008ab00000| PB 0x000000008ab00000| Untracked 
|  84|0x000000008ac00000, 0x000000008ac00000, 0x000000008ad00000|  0%| F|  |TAMS 0x000000008ac00000| PB 0x000000008ac00000| Untracked 
|  85|0x000000008ad00000, 0x000000008ad00000, 0x000000008ae00000|  0%| F|  |TAMS 0x000000008ad00000| PB 0x000000008ad00000| Untracked 
|  86|0x000000008ae00000, 0x000000008ae00000, 0x000000008af00000|  0%| F|  |TAMS 0x000000008ae00000| PB 0x000000008ae00000| Untracked 
|  87|0x000000008af00000, 0x000000008af00000, 0x000000008b000000|  0%| F|  |TAMS 0x000000008af00000| PB 0x000000008af00000| Untracked 
|  88|0x000000008b000000, 0x000000008b000000, 0x000000008b100000|  0%| F|  |TAMS 0x000000008b000000| PB 0x000000008b000000| Untracked 
|  89|0x000000008b100000, 0x000000008b100000, 0x000000008b200000|  0%| F|  |TAMS 0x000000008b100000| PB 0x000000008b100000| Untracked 
|  90|0x000000008b200000, 0x000000008b200000, 0x000000008b300000|  0%| F|  |TAMS 0x000000008b200000| PB 0x000000008b200000| Untracked 
|  91|0x000000008b300000, 0x000000008b300000, 0x000000008b400000|  0%| F|  |TAMS 0x000000008b300000| PB 0x000000008b300000| Untracked 
|  92|0x000000008b400000, 0x000000008b400000, 0x000000008b500000|  0%| F|  |TAMS 0x000000008b400000| PB 0x000000008b400000| Untracked 
|  93|0x000000008b500000, 0x000000008b500000, 0x000000008b600000|  0%| F|  |TAMS 0x000000008b500000| PB 0x000000008b500000| Untracked 
|  94|0x000000008b600000, 0x000000008b600000, 0x000000008b700000|  0%| F|  |TAMS 0x000000008b600000| PB 0x000000008b600000| Untracked 
|  95|0x000000008b700000, 0x000000008b700000, 0x000000008b800000|  0%| F|  |TAMS 0x000000008b700000| PB 0x000000008b700000| Untracked 
|  96|0x000000008b800000, 0x000000008b800000, 0x000000008b900000|  0%| F|  |TAMS 0x000000008b800000| PB 0x000000008b800000| Untracked 
|  97|0x000000008b900000, 0x000000008b900000, 0x000000008ba00000|  0%| F|  |TAMS 0x000000008b900000| PB 0x000000008b900000| Untracked 
|  98|0x000000008ba00000, 0x000000008ba00000, 0x000000008bb00000|  0%| F|  |TAMS 0x000000008ba00000| PB 0x000000008ba00000| Untracked 
|  99|0x000000008bb00000, 0x000000008bb00000, 0x000000008bc00000|  0%| F|  |TAMS 0x000000008bb00000| PB 0x000000008bb00000| Untracked 
| 100|0x000000008bc00000, 0x000000008bc00000, 0x000000008bd00000|  0%| F|  |TAMS 0x000000008bc00000| PB 0x000000008bc00000| Untracked 
| 101|0x000000008bd00000, 0x000000008bd00000, 0x000000008be00000|  0%| F|  |TAMS 0x000000008bd00000| PB 0x000000008bd00000| Untracked 
| 102|0x000000008be00000, 0x000000008be00000, 0x000000008bf00000|  0%| F|  |TAMS 0x000000008be00000| PB 0x000000008be00000| Untracked 
| 103|0x000000008bf00000, 0x000000008bf00000, 0x000000008c000000|  0%| F|  |TAMS 0x000000008bf00000| PB 0x000000008bf00000| Untracked 
| 104|0x000000008c000000, 0x000000008c000000, 0x000000008c100000|  0%| F|  |TAMS 0x000000008c000000| PB 0x000000008c000000| Untracked 
| 105|0x000000008c100000, 0x000000008c100000, 0x000000008c200000|  0%| F|  |TAMS 0x000000008c100000| PB 0x000000008c100000| Untracked 
| 106|0x000000008c200000, 0x000000008c200000, 0x000000008c300000|  0%| F|  |TAMS 0x000000008c200000| PB 0x000000008c200000| Untracked 
| 107|0x000000008c300000, 0x000000008c300000, 0x000000008c400000|  0%| F|  |TAMS 0x000000008c300000| PB 0x000000008c300000| Untracked 
| 108|0x000000008c400000, 0x000000008c400000, 0x000000008c500000|  0%| F|  |TAMS 0x000000008c400000| PB 0x000000008c400000| Untracked 
| 109|0x000000008c500000, 0x000000008c500000, 0x000000008c600000|  0%| F|  |TAMS 0x000000008c500000| PB 0x000000008c500000| Untracked 
| 110|0x000000008c600000, 0x000000008c600000, 0x000000008c700000|  0%| F|  |TAMS 0x000000008c600000| PB 0x000000008c600000| Untracked 
| 111|0x000000008c700000, 0x000000008c700000, 0x000000008c800000|  0%| F|  |TAMS 0x000000008c700000| PB 0x000000008c700000| Untracked 
| 112|0x000000008c800000, 0x000000008c800000, 0x000000008c900000|  0%| F|  |TAMS 0x000000008c800000| PB 0x000000008c800000| Untracked 
| 113|0x000000008c900000, 0x000000008c900000, 0x000000008ca00000|  0%| F|  |TAMS 0x000000008c900000| PB 0x000000008c900000| Untracked 
| 114|0x000000008ca00000, 0x000000008ca00000, 0x000000008cb00000|  0%| F|  |TAMS 0x000000008ca00000| PB 0x000000008ca00000| Untracked 
| 115|0x000000008cb00000, 0x000000008cb00000, 0x000000008cc00000|  0%| F|  |TAMS 0x000000008cb00000| PB 0x000000008cb00000| Untracked 
| 116|0x000000008cc00000, 0x000000008cc00000, 0x000000008cd00000|  0%| F|  |TAMS 0x000000008cc00000| PB 0x000000008cc00000| Untracked 
| 117|0x000000008cd00000, 0x000000008cd00000, 0x000000008ce00000|  0%| F|  |TAMS 0x000000008cd00000| PB 0x000000008cd00000| Untracked 
| 118|0x000000008ce00000, 0x000000008ce00000, 0x000000008cf00000|  0%| F|  |TAMS 0x000000008ce00000| PB 0x000000008ce00000| Untracked 
| 119|0x000000008cf00000, 0x000000008cf42940, 0x000000008d000000| 26%| E|  |TAMS 0x000000008cf00000| PB 0x000000008cf00000| Complete 
| 120|0x000000008d000000, 0x000000008d100000, 0x000000008d100000|100%| E|CS|TAMS 0x000000008d000000| PB 0x000000008d000000| Complete 
| 121|0x000000008d100000, 0x000000008d200000, 0x000000008d200000|100%| E|CS|TAMS 0x000000008d100000| PB 0x000000008d100000| Complete 
| 122|0x000000008d200000, 0x000000008d300000, 0x000000008d300000|100%| E|CS|TAMS 0x000000008d200000| PB 0x000000008d200000| Complete 
| 123|0x000000008d300000, 0x000000008d400000, 0x000000008d400000|100%| E|CS|TAMS 0x000000008d300000| PB 0x000000008d300000| Complete 

Card table byte_map: [0x00000166b70d0000,0x00000166b74b0000] _byte_map_base: 0x00000166b6ca4000

Marking Bits: (CMBitMap*) 0x00000166a3daae10
 Bits: [0x00000166b74b0000, 0x00000166b9350000)

Polling page: 0x00000166a1b70000

Metaspace:

Usage:
  Non-class:      2.34 MB used.
      Class:    284.19 KB used.
       Both:      2.61 MB used.

Virtual space:
  Non-class space:       64.00 MB reserved,       2.44 MB (  4%) committed,  1 nodes.
      Class space:        1.00 GB reserved,     384.00 KB ( <1%) committed,  1 nodes.
             Both:        1.06 GB reserved,       2.81 MB ( <1%) committed. 

Chunk freelists:
   Non-Class:  11.85 MB
       Class:  15.60 MB
        Both:  27.45 MB

MaxMetaspaceSize: unlimited
CompressedClassSpaceSize: 1.00 GB
Initial GC threshold: 21.00 MB
Current GC threshold: 21.00 MB
CDS: on
 - commit_granule_bytes: 65536.
 - commit_granule_words: 8192.
 - virtual_space_node_default_size: 8388608.
 - enlarge_chunks_in_place: 1.
 - use_allocation_guard: 0.


Internal statistics:

num_allocs_failed_limit: 0.
num_arena_births: 18.
num_arena_deaths: 0.
num_vsnodes_births: 2.
num_vsnodes_deaths: 0.
num_space_committed: 45.
num_space_uncommitted: 0.
num_chunks_returned_to_freelist: 0.
num_chunks_taken_from_freelist: 31.
num_chunk_merges: 0.
num_chunk_splits: 20.
num_chunks_enlarged: 14.
num_inconsistent_stats: 0.

CodeHeap 'non-profiled nmethods': size=120000Kb used=107Kb max_used=107Kb free=119892Kb
 bounds [0x00000166af7c0000, 0x00000166afa30000, 0x00000166b6cf0000]
CodeHeap 'profiled nmethods': size=120000Kb used=512Kb max_used=512Kb free=119487Kb
 bounds [0x00000166a7cf0000, 0x00000166a7f60000, 0x00000166af220000]
CodeHeap 'non-nmethods': size=5760Kb used=1477Kb max_used=1477Kb free=4282Kb
 bounds [0x00000166af220000, 0x00000166af490000, 0x00000166af7c0000]
 total_blobs=836 nmethods=383 adapters=358
 compilation: enabled
              stopped_count=0, restarted_count=0
 full_count=0

Compilation events (20 events):
Event: 0.350 Thread 0x00000166bb8483b0  298       3       jdk.internal.org.objectweb.asm.ByteVector::putUTF8 (144 bytes)
Event: 0.350 Thread 0x00000166bb8483b0 nmethod 298 0x00000166a7d51e10 code [0x00000166a7d52080, 0x00000166a7d52b00]
Event: 0.350 Thread 0x00000166bb8483b0  299       3       jdk.internal.org.objectweb.asm.SymbolTable::get (13 bytes)
Event: 0.350 Thread 0x00000166bb8483b0 nmethod 299 0x00000166a7d53010 code [0x00000166a7d531c0, 0x00000166a7d53318]
Event: 0.351 Thread 0x00000166bb8483b0  300       3       java.lang.ref.Reference::<init> (25 bytes)
Event: 0.351 Thread 0x00000166bb8483b0 nmethod 300 0x00000166a7d53410 code [0x00000166a7d535c0, 0x00000166a7d53830]
Event: 0.351 Thread 0x00000166bb8483b0  301       3       java.util.regex.Pattern::peek (26 bytes)
Event: 0.351 Thread 0x00000166bb8483b0 nmethod 301 0x00000166a7d53910 code [0x00000166a7d53ac0, 0x00000166a7d53d18]
Event: 0.351 Thread 0x00000166bb8483b0  302       3       java.util.regex.Pattern::append (43 bytes)
Event: 0.351 Thread 0x00000166bb8483b0 nmethod 302 0x00000166a7d53e10 code [0x00000166a7d54000, 0x00000166a7d543d8]
Event: 0.351 Thread 0x00000166bb8483b0  303       3       java.util.regex.Pattern::next (33 bytes)
Event: 0.352 Thread 0x00000166bb8483b0 nmethod 303 0x00000166a7d54590 code [0x00000166a7d54740, 0x00000166a7d54998]
Event: 0.352 Thread 0x00000166bb8483b0  304       3       java.lang.invoke.MethodType::makeImpl (109 bytes)
Event: 0.352 Thread 0x00000166bb8483b0 nmethod 304 0x00000166a7d54a90 code [0x00000166a7d54e00, 0x00000166a7d56390]
Event: 0.353 Thread 0x00000166bb8483b0  306       3       java.lang.invoke.MethodType::methodType (69 bytes)
Event: 0.353 Thread 0x00000166bb8483b0 nmethod 306 0x00000166a7d56b10 code [0x00000166a7d56d20, 0x00000166a7d571d0]
Event: 0.355 Thread 0x00000166bb8483b0  307       3       java.util.Arrays::asList (9 bytes)
Event: 0.355 Thread 0x00000166bb8483b0 nmethod 307 0x00000166a7d57390 code [0x00000166a7d57580, 0x00000166a7d57a00]
Event: 0.355 Thread 0x00000166bb8483b0  308       3       java.util.Arrays$ArrayList::<init> (16 bytes)
Event: 0.355 Thread 0x00000166bb8483b0 nmethod 308 0x00000166a7d57b90 code [0x00000166a7d57d60, 0x00000166a7d58140]

GC Heap History (0 events):
No events

Dll operation events (2 events):
Event: 0.015 Loaded shared library D:\GAME DEV\PyCharm Community Edition 2024.3.5\jbr\bin\java.dll
Event: 0.141 Loaded shared library D:\GAME DEV\PyCharm Community Edition 2024.3.5\jbr\bin\zip.dll

Deoptimization events (4 events):
Event: 0.337 Thread 0x00000166a19c3130 Uncommon trap: trap_request=0xffffff45 fr.pc=0x00000166af7d4794 relative=0x0000000000000074
Event: 0.337 Thread 0x00000166a19c3130 Uncommon trap: reason=unstable_if action=reinterpret pc=0x00000166af7d4794 method=java.lang.CharacterDataLatin1.toLowerCase(I)I @ 16 c2
Event: 0.337 Thread 0x00000166a19c3130 DEOPT PACKING pc=0x00000166af7d4794 sp=0x0000005b7a7fad40
Event: 0.337 Thread 0x00000166a19c3130 DEOPT UNPACKING pc=0x00000166af277da2 sp=0x0000005b7a7facd0 mode 2

Classes loaded (20 events):
Event: 0.353 Loading class sun/security/ssl/CipherSuite$MacAlg
Event: 0.353 Loading class sun/security/ssl/CipherSuite$MacAlg done
Event: 0.354 Loading class sun/security/ssl/CipherSuite$KeyExchange
Event: 0.354 Loading class sun/security/ssl/CipherSuite$KeyExchange done
Event: 0.354 Loading class sun/security/ssl/NamedGroup$NamedGroupSpec
Event: 0.354 Loading class sun/security/ssl/NamedGroup$NamedGroupScheme
Event: 0.354 Loading class sun/security/ssl/NamedGroup$NamedGroupScheme done
Event: 0.354 Loading class sun/security/ssl/NamedGroup$NamedGroupSpec done
Event: 0.354 Loading class sun/security/ssl/NamedGroup$ECDHEScheme
Event: 0.354 Loading class sun/security/ssl/NamedGroup$ECDHEScheme done
Event: 0.354 Loading class sun/security/ssl/NamedGroup
Event: 0.354 Loading class sun/security/ssl/NamedGroup done
Event: 0.354 Loading class sun/security/ssl/NamedGroup$FFDHEScheme
Event: 0.355 Loading class sun/security/ssl/NamedGroup$FFDHEScheme done
Event: 0.355 Loading class sun/security/ssl/NamedGroup$XDHScheme
Event: 0.355 Loading class sun/security/ssl/NamedGroup$XDHScheme done
Event: 0.355 Loading class sun/security/ssl/JsseJce
Event: 0.355 Loading class sun/security/ssl/JsseJce done
Event: 0.355 Loading class sun/security/ssl/Utilities
Event: 0.355 Loading class sun/security/ssl/Utilities done

Classes unloaded (0 events):
No events

Classes redefined (0 events):
No events

Internal exceptions (1 events):
Event: 0.337 Thread 0x00000166a19c3130 Exception <a 'sun/nio/fs/WindowsException'{0x000000008d058488}> (0x000000008d058488) 
thrown [s\src\hotspot\share\prims\jni.cpp, line 535]

ZGC Phase Switch (0 events):
No events

VM Operations (4 events):
Event: 0.270 Executing VM operation: HandshakeAllThreads (Deoptimize)
Event: 0.270 Executing VM operation: HandshakeAllThreads (Deoptimize) done
Event: 0.275 Executing VM operation: HandshakeAllThreads (Deoptimize)
Event: 0.275 Executing VM operation: HandshakeAllThreads (Deoptimize) done

Memory protections (0 events):
No events

Nmethod flushes (0 events):
No events

Events (15 events):
Event: 0.047 Thread 0x00000166a19c3130 Thread added: 0x00000166a19c3130
Event: 0.142 Thread 0x00000166a19c3130 Thread added: 0x00000166bb807970
Event: 0.143 Thread 0x00000166a19c3130 Thread added: 0x00000166bb8091d0
Event: 0.143 Thread 0x00000166a19c3130 Thread added: 0x00000166bb80ca40
Event: 0.143 Thread 0x00000166a19c3130 Thread added: 0x00000166bb80d580
Event: 0.143 Thread 0x00000166a19c3130 Thread added: 0x00000166bb80e0c0
Event: 0.143 Thread 0x00000166a19c3130 Thread added: 0x00000166bb80ec00
Event: 0.143 Thread 0x00000166a19c3130 Thread added: 0x00000166bb80fa70
Event: 0.231 Thread 0x00000166a19c3130 Thread added: 0x00000166bb8483b0
Event: 0.256 Thread 0x00000166a19c3130 Thread added: 0x00000166bba89b10
Event: 0.258 Thread 0x00000166a19c3130 Thread added: 0x00000166bba8fb70
Event: 0.263 Loaded shared library D:\GAME DEV\PyCharm Community Edition 2024.3.5\jbr\bin\net.dll
Event: 0.265 Loaded shared library D:\GAME DEV\PyCharm Community Edition 2024.3.5\jbr\bin\nio.dll
Event: 0.267 Loaded shared library D:\GAME DEV\PyCharm Community Edition 2024.3.5\jbr\bin\zip.dll
Event: 0.304 Loaded shared library D:\GAME DEV\PyCharm Community Edition 2024.3.5\jbr\bin\jimage.dll


Dynamic libraries:
0x00007ff74a690000 - 0x00007ff74a69a000 	D:\GAME DEV\PyCharm Community Edition 2024.3.5\jbr\bin\java.exe
0x00007ff8fc220000 - 0x00007ff8fc483000 	C:\WINDOWS\SYSTEM32\ntdll.dll
0x00007ff8fac40000 - 0x00007ff8fad07000 	C:\WINDOWS\System32\KERNEL32.DLL
0x00007ff8f9420000 - 0x00007ff8f97e9000 	C:\WINDOWS\System32\KERNELBASE.dll
0x00007ff8f9880000 - 0x00007ff8f99cc000 	C:\WINDOWS\System32\ucrtbase.dll
0x00007ff8d1140000 - 0x00007ff8d1158000 	D:\GAME DEV\PyCharm Community Edition 2024.3.5\jbr\bin\jli.dll
0x00007ff8fad10000 - 0x00007ff8faeda000 	C:\WINDOWS\System32\USER32.dll
0x00007ff8da290000 - 0x00007ff8da2ab000 	D:\GAME DEV\PyCharm Community Edition 2024.3.5\jbr\bin\VCRUNTIME140.dll
0x00007ff8f99d0000 - 0x00007ff8f99f7000 	C:\WINDOWS\System32\win32u.dll
0x00007ff8fa690000 - 0x00007ff8fa6ba000 	C:\WINDOWS\System32\GDI32.dll
0x00007ff8f9a00000 - 0x00007ff8f9b31000 	C:\WINDOWS\System32\gdi32full.dll
0x00007ff8f9c00000 - 0x00007ff8f9ca3000 	C:\WINDOWS\System32\msvcp_win.dll
0x00007ff8dd720000 - 0x00007ff8dd9b0000 	C:\WINDOWS\WinSxS\amd64_microsoft.windows.common-controls_6595b64144ccf1df_6.0.26100.3323_none_3e088096e3344490\COMCTL32.dll
0x00007ff8fba00000 - 0x00007ff8fbaa9000 	C:\WINDOWS\System32\msvcrt.dll
0x00007ff8fa770000 - 0x00007ff8fa79f000 	C:\WINDOWS\System32\IMM32.DLL
0x00007ff8efe90000 - 0x00007ff8efe9c000 	D:\GAME DEV\PyCharm Community Edition 2024.3.5\jbr\bin\vcruntime140_1.dll
0x00007ff8b4bf0000 - 0x00007ff8b4c7d000 	D:\GAME DEV\PyCharm Community Edition 2024.3.5\jbr\bin\msvcp140.dll
0x00007ff87fc90000 - 0x00007ff880a51000 	D:\GAME DEV\PyCharm Community Edition 2024.3.5\jbr\bin\server\jvm.dll
0x00007ff8fa4a0000 - 0x00007ff8fa552000 	C:\WINDOWS\System32\ADVAPI32.dll
0x00007ff8fa6c0000 - 0x00007ff8fa766000 	C:\WINDOWS\System32\sechost.dll
0x00007ff8fa120000 - 0x00007ff8fa236000 	C:\WINDOWS\System32\RPCRT4.dll
0x00007ff8fa7b0000 - 0x00007ff8fa824000 	C:\WINDOWS\System32\WS2_32.dll
0x00007ff8f92b0000 - 0x00007ff8f92fe000 	C:\WINDOWS\SYSTEM32\POWRPROF.dll
0x00007ff8ee050000 - 0x00007ff8ee086000 	C:\WINDOWS\SYSTEM32\WINMM.dll
0x00007ff8edc80000 - 0x00007ff8edc8b000 	C:\WINDOWS\SYSTEM32\VERSION.dll
0x00007ff8f9290000 - 0x00007ff8f92a4000 	C:\WINDOWS\SYSTEM32\UMPDC.dll
0x00007ff8f8240000 - 0x00007ff8f825a000 	C:\WINDOWS\SYSTEM32\kernel.appcore.dll
0x00007ff8e6760000 - 0x00007ff8e676a000 	D:\GAME DEV\PyCharm Community Edition 2024.3.5\jbr\bin\jimage.dll
0x00007ff8f6be0000 - 0x00007ff8f6e21000 	C:\WINDOWS\SYSTEM32\DBGHELP.DLL
0x00007ff8faef0000 - 0x00007ff8fb272000 	C:\WINDOWS\System32\combase.dll
0x00007ff8fa040000 - 0x00007ff8fa116000 	C:\WINDOWS\System32\OLEAUT32.dll
0x00007ff8d1ed0000 - 0x00007ff8d1f09000 	C:\WINDOWS\SYSTEM32\dbgcore.DLL
0x00007ff8f9cb0000 - 0x00007ff8f9d49000 	C:\WINDOWS\System32\bcryptPrimitives.dll
0x00007ff8d8a00000 - 0x00007ff8d8a20000 	D:\GAME DEV\PyCharm Community Edition 2024.3.5\jbr\bin\java.dll
0x00007ff8fb2e0000 - 0x00007ff8fb9f5000 	C:\WINDOWS\System32\SHELL32.dll
0x00007ff8f9d50000 - 0x00007ff8f9eb8000 	C:\WINDOWS\System32\wintypes.dll
0x00007ff8f70d0000 - 0x00007ff8f7915000 	C:\WINDOWS\SYSTEM32\windows.storage.dll
0x00007ff8fbae0000 - 0x00007ff8fbbcb000 	C:\WINDOWS\System32\SHCORE.dll
0x00007ff8fa560000 - 0x00007ff8fa5bd000 	C:\WINDOWS\System32\shlwapi.dll
0x00007ff8f9330000 - 0x00007ff8f935f000 	C:\WINDOWS\SYSTEM32\profapi.dll
0x00007ff8d7590000 - 0x00007ff8d75a8000 	D:\GAME DEV\PyCharm Community Edition 2024.3.5\jbr\bin\zip.dll
0x00007ff8e5cf0000 - 0x00007ff8e5d00000 	D:\GAME DEV\PyCharm Community Edition 2024.3.5\jbr\bin\net.dll
0x00007ff8e8f20000 - 0x00007ff8e903e000 	C:\WINDOWS\SYSTEM32\WINHTTP.dll
0x00007ff8f8760000 - 0x00007ff8f87ca000 	C:\WINDOWS\system32\mswsock.dll
0x00007ff8d7540000 - 0x00007ff8d7556000 	D:\GAME DEV\PyCharm Community Edition 2024.3.5\jbr\bin\nio.dll
0x00007ff8f8a00000 - 0x00007ff8f8a1c000 	C:\WINDOWS\SYSTEM32\CRYPTSP.dll
0x00007ff8f81a0000 - 0x00007ff8f81da000 	C:\WINDOWS\system32\rsaenh.dll
0x00007ff8f8800000 - 0x00007ff8f882b000 	C:\WINDOWS\SYSTEM32\USERENV.dll
0x00007ff8f8c40000 - 0x00007ff8f8c66000 	C:\WINDOWS\SYSTEM32\bcrypt.dll
0x00007ff8f8a20000 - 0x00007ff8f8a2c000 	C:\WINDOWS\SYSTEM32\CRYPTBASE.dll

dbghelp: loaded successfully - version: 4.0.5 - missing functions: none
symbol engine: initialized successfully - sym options: 0x614 - pdb path: .;D:\GAME DEV\PyCharm Community Edition 2024.3.5\jbr\bin;C:\WINDOWS\SYSTEM32;C:\WINDOWS\WinSxS\amd64_microsoft.windows.common-controls_6595b64144ccf1df_6.0.26100.3323_none_3e088096e3344490;D:\GAME DEV\PyCharm Community Edition 2024.3.5\jbr\bin\server

VM Arguments:
java_command: git4idea.http.GitAskPassApp Username for 'https://github.com': 
java_class_path (initial): D:/GAME DEV/PyCharm Community Edition 2024.3.5/plugins/vcs-git/lib/git4idea-rt.jar;D:/GAME DEV/PyCharm Community Edition 2024.3.5/lib/externalProcess-rt.jar
Launcher Type: SUN_STANDARD

[Global flags]
     intx CICompilerCount                          = 3                                         {product} {ergonomic}
     uint ConcGCThreads                            = 1                                         {product} {ergonomic}
     uint G1ConcRefinementThreads                  = 4                                         {product} {ergonomic}
   size_t G1HeapRegionSize                         = 1048576                                   {product} {ergonomic}
    uintx GCDrainStackTargetSize                   = 64                                        {product} {ergonomic}
   size_t InitialHeapSize                          = 130023424                                 {product} {ergonomic}
   size_t MarkStackSize                            = 4194304                                   {product} {ergonomic}
   size_t MaxHeapSize                              = 2055208960                                {product} {ergonomic}
   size_t MaxNewSize                               = 1233125376                                {product} {ergonomic}
   size_t MinHeapDeltaBytes                        = 1048576                                   {product} {ergonomic}
   size_t MinHeapSize                              = 8388608                                   {product} {ergonomic}
    uintx NonNMethodCodeHeapSize                   = 5832780                                {pd product} {ergonomic}
    uintx NonProfiledCodeHeapSize                  = 122912730                              {pd product} {ergonomic}
    uintx ProfiledCodeHeapSize                     = 122912730                              {pd product} {ergonomic}
    uintx ReservedCodeCacheSize                    = 251658240                              {pd product} {ergonomic}
     bool SegmentedCodeCache                       = true                                      {product} {ergonomic}
   size_t SoftMaxHeapSize                          = 2055208960                             {manageable} {ergonomic}
     bool UseCompressedOops                        = true                           {product lp64_product} {ergonomic}
     bool UseG1GC                                  = true                                      {product} {ergonomic}
     bool UseLargePagesIndividualAllocation        = false                                  {pd product} {ergonomic}

Logging:
Log output configuration:
 #0: stdout all=warning uptime,level,tags foldmultilines=false
 #1: stderr all=off uptime,level,tags foldmultilines=false

Environment Variables:
PATH=D:/GAME DEV/Git/mingw64/libexec/git-core;D:/GAME DEV/Git/mingw64/libexec/git-core;D:\GAME DEV\Git\mingw64\bin;D:\GAME DEV\Git\usr\bin;C:\Users\DHRUV\bin;D:\GAME DEV\anaconda;D:\GAME DEV\anaconda\Library\mingw-w64\bin;D:\GAME DEV\anaconda\Library\usr\bin;D:\GAME DEV\anaconda\Library\bin;D:\GAME DEV\anaconda\Scripts;D:\GAME DEV\anaconda\bin;D:\GAME DEV\anaconda\condabin;C:\Program Files\Common Files\Oracle\Java\javapath;C:\WINDOWS\system32;C:\WINDOWS;C:\WINDOWS\System32\Wbem;C:\WINDOWS\System32\WindowsPowerShell\v1.0;C:\WINDOWS\System32\OpenSSH;D:\GAME DEV\Git\cmd;C:\Program Files\dotnet;C:\Users\DHRUV\.local\bin;C:\Users\DHRUV\AppData\Local\Programs\Python\Python313\Scripts;C:\Users\DHRUV\AppData\Local\Programs\Python\Python313;C:\Users\DHRUV\AppData\Local\Microsoft\WindowsApps;D:\GAME DEV\Microsoft VS Code\bin;C:\Users\DHRUV\AppData\Local\GitHubDesktop\bin;D:\MinGW\bin;.;C:\Users\DHRUV\.lmstudio\bin;D:\GAME DEV\IntelliJ IDEA Community Edition 2024.3.5\bin;.;D:\GAME DEV\PyCharm Community Edition 2024.3.5\bin;.
USERNAME=DHRUV
DISPLAY=:0.0
LC_ALL=en_US.UTF-8
TERM=xterm-256color
TMPDIR=C:\Users\DHRUV\AppData\Local\Temp
OS=Windows_NT
PROCESSOR_IDENTIFIER=Intel64 Family 6 Model 140 Stepping 1, GenuineIntel
TMP=C:\Users\DHRUV\AppData\Local\Temp
TEMP=C:\Users\DHRUV\AppData\Local\Temp




Periodic native trim disabled

JNI global refs:
JNI global refs: 18, weak refs: 0

JNI global refs memory usage: 835, weak refs: 201

Process memory usage:
Resident Set Size: 50536K (0% of 8021684K total physical memory with 559388K free physical memory)

OOME stack traces (most recent first):
Classloader memory used:
Loader bootstrap                                                                       : 2539K
Loader jdk.internal.loader.ClassLoaders$PlatformClassLoader                            : 128K
Loader jdk.internal.loader.ClassLoaders$AppClassLoader                                 : 16400B

---------------  S Y S T E M  ---------------

OS:
 Windows 11 , 64 bit Build 26100 (10.0.26100.3323)
OS uptime: 6 days 1:53 hours
Hyper-V role detected

CPU: total 4 (initial active 4) (2 cores per cpu, 2 threads per core) family 6 model 140 stepping 1 microcode 0xb4, cx8, cmov, fxsr, ht, mmx, 3dnowpref, sse, sse2, sse3, ssse3, sse4.1, sse4.2, popcnt, lzcnt, tsc, tscinvbit, avx, avx2, aes, erms, clmul, bmi1, bmi2, adx, avx512f, avx512dq, avx512cd, avx512bw, avx512vl, sha, fma, vzeroupper, avx512_vpopcntdq, avx512_vpclmulqdq, avx512_vaes, avx512_vnni, clflush, clflushopt, clwb, avx512_vbmi2, avx512_vbmi, hv, rdtscp, rdpid, fsrm, gfni, avx512_bitalg, f16c, cet_ibt, cet_ss, avx512_ifma
Processor Information for the first 4 processors :
  Max Mhz: 2901, Current Mhz: 2901, Mhz Limit: 2901

Memory: 4k page, system-wide physical 7833M (546M free)
TotalPageFile size 15458M (AvailPageFile size 2M)
current process WorkingSet (physical memory assigned to process): 49M, peak: 49M
current process commit charge ("private bytes"): 201M, peak: 202M

vm_info: OpenJDK 64-Bit Server VM (21.0.6+8-b631.39) for windows-amd64 JRE (21.0.6+8-b631.39), built on 2025-02-04 by "builduser" with MS VC++ 16.10 / 16.11 (VS2019)

END.
