#
# There is insufficient memory for the Java Runtime Environment to continue.
# Native memory allocation (mmap) failed to map 65536 bytes. Error detail: Failed to commit metaspace.
# Possible reasons:
#   The system is out of physical RAM or swap space
#   This process is running with CompressedOops enabled, and the Java Heap may be blocking the growth of the native heap
# Possible solutions:
#   Reduce memory load on the system
#   Increase physical memory or swap space
#   Check if swap backing store is full
#   Decrease Java heap size (-Xmx/-Xms)
#   Decrease number of Java threads
#   Decrease Java thread stack sizes (-Xss)
#   Set larger code cache with -XX:ReservedCodeCacheSize=
#   JVM is running with Unscaled Compressed Oops mode in which the Java heap is
#     placed in the first 4GB address space. The Java Heap base address is the
#     maximum limit for the native heap growth. Please use -XX:HeapBaseMinAddress
#     to set the Java Heap base and to place the Java Heap above 4GB virtual address.
# This output file may be truncated or incomplete.
#
#  Out of Memory Error (virtualSpaceNode.cpp:113), pid=21892, tid=18020
#
# JRE version: OpenJDK Runtime Environment JBR-21.0.6+8-631.39-jcef (21.0.6+8) (build 21.0.6+8-b631.39)
# Java VM: OpenJDK 64-Bit Server VM JBR-21.0.6+8-631.39-jcef (21.0.6+8-b631.39, mixed mode, tiered, compressed oops, compressed class ptrs, g1 gc, windows-amd64)
# No core dump will be written. Minidumps are not enabled by default on client versions of Windows
#

---------------  S U M M A R Y ------------

Command Line: git4idea.http.GitAskPassApp Username for 'https://github.com': 

Host: 11th Gen Intel(R) Core(TM) i3-1115G4 @ 3.00GHz, 4 cores, 7G,  Windows 11 , 64 bit Build 26100 (10.0.26100.3323)
Time: Thu Apr 10 20:12:02 2025 India Standard Time elapsed time: 0.290483 seconds (0d 0h 0m 0s)

---------------  T H R E A D  ---------------

Current thread (0x000001d6b9b8f6c0):  JavaThread "main"             [_thread_in_vm, id=18020, stack(0x000000227b900000,0x000000227ba00000) (1024K)]

Stack: [0x000000227b900000,0x000000227ba00000]
Native frames: (J=compiled Java code, j=interpreted, Vv=VM code, C=native code)
V  [jvm.dll+0x6e5d39]
V  [jvm.dll+0x8c4133]
V  [jvm.dll+0x8c668e]
V  [jvm.dll+0x8c6d73]
V  [jvm.dll+0x288f76]
V  [jvm.dll+0x8bef7e]
V  [jvm.dll+0x686a35]
V  [jvm.dll+0x686a9a]
V  [jvm.dll+0x6892b6]
V  [jvm.dll+0x689182]
V  [jvm.dll+0x6873ee]
V  [jvm.dll+0x2726cf]
V  [jvm.dll+0x691675]
V  [jvm.dll+0x21d23c]
V  [jvm.dll+0x21d785]
V  [jvm.dll+0x21e166]
V  [jvm.dll+0x2131b9]
V  [jvm.dll+0x5c4533]
V  [jvm.dll+0x224bfb]
V  [jvm.dll+0x83af3c]
V  [jvm.dll+0x83bfe2]
V  [jvm.dll+0x83c5a4]
V  [jvm.dll+0x83c238]
V  [jvm.dll+0x2760ab]
V  [jvm.dll+0x3e38fe]
C  0x000001d6c506b116

The last pc belongs to new (printed below).
Java frames: (J=compiled Java code, j=interpreted, Vv=VM code)
j  sun.security.util.SecurityConstants.<clinit>()V+238 java.base@21.0.6
v  ~StubRoutines::call_stub 0x000001d6c50510e7
j  sun.security.provider.Sun.<init>()V+3 java.base@21.0.6
j  sun.security.jca.ProviderConfig.getProvider()Ljava/security/Provider;+67 java.base@21.0.6
j  sun.security.jca.ProviderList.getProvider(I)Ljava/security/Provider;+6 java.base@21.0.6
j  sun.security.jca.ProviderList.getService(Ljava/lang/String;Ljava/lang/String;)Ljava/security/Provider$Service;+88 java.base@21.0.6
j  sun.security.jca.GetInstance.getInstance(Ljava/lang/String;Ljava/lang/Class;Ljava/lang/String;)Lsun/security/jca/GetInstance$Instance;+7 java.base@21.0.6
j  javax.net.ssl.SSLContext.getInstance(Ljava/lang/String;)Ljavax/net/ssl/SSLContext;+12 java.base@21.0.6
j  externalApp.ExternalAppUtil.sendIdeRequest(Ljava/lang/String;ILjava/lang/String;Ljava/lang/String;)LexternalApp/ExternalAppUtil$Result;+34
j  git4idea.http.GitAskPassApp.main([Ljava/lang/String;)V+37
v  ~StubRoutines::call_stub 0x000001d6c50510e7
new  187 new  [0x000001d6c506afa0, 0x000001d6c506b1a0]  512 bytes
[MachCode]
  0x000001d6c506afa0: 4883 ec08 | c5fa 1104 | 24eb 1f48 | 83ec 10c5 | fb11 0424 | eb14 4883 | ec10 4889 | 0424 48c7 
  0x000001d6c506afc0: 4424 0800 | 0000 00eb | 0150 410f | b755 010f | cac1 ea10 | 488b 4de8 | 488b 4908 | 488b 4908 
  0x000001d6c506afe0: 488b 4108 | 807c 1004 | 070f 85ca | 0000 0066 | 8b54 d148 | 488b 4928 | 488b 4cd1 | 0851 80b9 
  0x000001d6c506b000: 4101 0000 | 040f 85ad | 0000 008b | 5108 f6c2 | 010f 85a1 | 0000 0049 | 8b87 b801 | 0000 488d 
  0x000001d6c506b020: 1c10 493b | 9fc8 0100 | 000f 8789 | 0000 0049 | 899f b801 | 0000 4883 | ea10 0f84 | 0f00 0000 
  0x000001d6c506b040: 33c9 c1ea | 0348 894c | d008 48ff | ca75 f648 | c700 0100 | 0000 5933 | f689 700c | 48c1 e903 
  0x000001d6c506b060: 8948 0849 | baf7 5d94 | 80f8 7f00 | 0041 803a | 000f 843c | 0000 0050 | 488b c848 | 83ec 2040 
  0x000001d6c506b080: f6c4 0f0f | 8419 0000 | 0048 83ec | 0848 b890 | d23d 80f8 | 7f00 00ff | d048 83c4 | 08e9 0c00 
  0x000001d6c506b0a0: 0000 48b8 | 90d2 3d80 | f87f 0000 | ffd0 4883 | c420 58e9 | cb00 0000 | 5948 8b55 | e848 8b52 
  0x000001d6c506b0c0: 0848 8b52 | 0845 0fb7 | 4501 410f | c841 c1e8 | 10e8 0500 | 0000 e9a8 | 0000 0048 | 8d44 2408 
  0x000001d6c506b0e0: 4c89 6dc0 | 498b cfc5 | f877 4989 | afa8 0300 | 0049 8987 | 9803 0000 | 4883 ec20 | 40f6 c40f 
  0x000001d6c506b100: 0f84 1900 | 0000 4883 | ec08 48b8 | b038 0780 | f87f 0000 | ffd0 4883 | c408 e90c | 0000 0048 
  0x000001d6c506b120: b8b0 3807 | 80f8 7f00 | 00ff d048 | 83c4 2049 | c787 9803 | 0000 0000 | 0000 49c7 | 87a8 0300 
  0x000001d6c506b140: 0000 0000 | 0049 c787 | a003 0000 | 0000 0000 | c5f8 7749 | 837f 0800 | 0f84 0500 | 0000 e99d 
  0x000001d6c506b160: 5dfe ff49 | 8b87 f003 | 0000 49c7 | 87f0 0300 | 0000 0000 | 004c 8b6d | c04c 8b75 | c84e 8d74 
  0x000001d6c506b180: f500 c341 | 0fb6 5d03 | 4983 c503 | 49ba c028 | 9780 f87f | 0000 41ff | 24da 660f | 1f44 0000 
[/MachCode]

---------------  P R O C E S S  ---------------

Threads class SMR info:
_java_thread_list=0x000001d6d1a21e80, length=11, elements={
0x000001d6b9b8f6c0, 0x000001d6d18119b0, 0x000001d6d18139f0, 0x000001d6d18348b0,
0x000001d6d1835300, 0x000001d6d1837f30, 0x000001d6d1838980, 0x000001d6d1867500,
0x000001d6d18692a0, 0x000001d6d1a1ba00, 0x000001d6d1a33f80
}

Java Threads: ( => current thread )
=>0x000001d6b9b8f6c0 JavaThread "main"                              [_thread_in_vm, id=18020, stack(0x000000227b900000,0x000000227ba00000) (1024K)]
  0x000001d6d18119b0 JavaThread "Reference Handler"          daemon [_thread_blocked, id=15496, stack(0x000000227c100000,0x000000227c200000) (1024K)]
  0x000001d6d18139f0 JavaThread "Finalizer"                  daemon [_thread_blocked, id=23168, stack(0x000000227c200000,0x000000227c300000) (1024K)]
  0x000001d6d18348b0 JavaThread "Signal Dispatcher"          daemon [_thread_blocked, id=7412, stack(0x000000227c300000,0x000000227c400000) (1024K)]
  0x000001d6d1835300 JavaThread "Attach Listener"            daemon [_thread_blocked, id=15568, stack(0x000000227c400000,0x000000227c500000) (1024K)]
  0x000001d6d1837f30 JavaThread "Service Thread"             daemon [_thread_blocked, id=5328, stack(0x000000227c500000,0x000000227c600000) (1024K)]
  0x000001d6d1838980 JavaThread "Monitor Deflation Thread"   daemon [_thread_blocked, id=14136, stack(0x000000227c600000,0x000000227c700000) (1024K)]
  0x000001d6d1867500 JavaThread "C2 CompilerThread0"         daemon [_thread_blocked, id=6744, stack(0x000000227c700000,0x000000227c800000) (1024K)]
  0x000001d6d18692a0 JavaThread "C1 CompilerThread0"         daemon [_thread_in_native, id=12224, stack(0x000000227c800000,0x000000227c900000) (1024K)]
  0x000001d6d1a1ba00 JavaThread "Notification Thread"        daemon [_thread_blocked, id=5984, stack(0x000000227c900000,0x000000227ca00000) (1024K)]
  0x000001d6d1a33f80 JavaThread "Common-Cleaner"             daemon [_thread_blocked, id=19544, stack(0x000000227ca00000,0x000000227cb00000) (1024K)]
Total: 11

Other Threads:
  0x000001d6d165a270 VMThread "VM Thread"                           [id=6504, stack(0x000000227c000000,0x000000227c100000) (1024K)]
  0x000001d6d160cc50 WatcherThread "VM Periodic Task Thread"        [id=7832, stack(0x000000227bf00000,0x000000227c000000) (1024K)]
  0x000001d6b9bd9920 WorkerThread "GC Thread#0"                     [id=20928, stack(0x000000227ba00000,0x000000227bb00000) (1024K)]
  0x000001d6b9beae10 ConcurrentGCThread "G1 Main Marker"            [id=15616, stack(0x000000227bb00000,0x000000227bc00000) (1024K)]
  0x000001d6b9bed7a0 WorkerThread "G1 Conc#0"                       [id=19264, stack(0x000000227bc00000,0x000000227bd00000) (1024K)]
  0x000001d6b9c4e8b0 ConcurrentGCThread "G1 Refine#0"               [id=19204, stack(0x000000227bd00000,0x000000227be00000) (1024K)]
  0x000001d6d14d5620 ConcurrentGCThread "G1 Service"                [id=21416, stack(0x000000227be00000,0x000000227bf00000) (1024K)]
Total: 7

Threads with active compile tasks:
C1 CompilerThread0  321  116 %     3       java.util.Properties$LineReader::readLine @ 224 (584 bytes)
Total: 1

VM state: not at safepoint (normal execution)

VM Mutex/Monitor currently owned by a thread:  ([mutex/lock_event])
[0x00007ff88095c830] Metaspace_lock - owner thread: 0x000001d6b9b8f6c0

Heap address: 0x0000000085800000, size: 1960 MB, Compressed Oops mode: 32-bit

CDS archive(s) not mapped
Compressed class space mapped at: 0x0000000100000000-0x0000000140000000, reserved size: 1073741824
Narrow klass base: 0x0000000000000000, Narrow klass shift: 3, Narrow klass range: 0x140000000

GC Precious Log:
 CardTable entry size: 512
 Card Set container configuration: InlinePtr #cards 5 size 8 Array Of Cards #cards 12 size 40 Howl #buckets 4 coarsen threshold 1843 Howl Bitmap #cards 512 size 80 coarsen threshold 460 Card regions per heap region 1 cards per card region 2048
 CPUs: 4 total, 4 available
 Memory: 7833M
 Large Page Support: Disabled
 NUMA Support: Disabled
 Compressed Oops: Enabled (32-bit)
 Heap Region Size: 1M
 Heap Min Capacity: 8M
 Heap Initial Capacity: 124M
 Heap Max Capacity: 1960M
 Pre-touch: Disabled
 Parallel Workers: 4
 Concurrent Workers: 1
 Concurrent Refinement Workers: 4
 Periodic GC: Disabled

Heap:
 garbage-first heap   total 126976K, used 1024K [0x0000000085800000, 0x0000000100000000)
  region size 1024K, 2 young (2048K), 0 survivors (0K)
 Metaspace       used 6942K, committed 7104K, reserved 1114112K
  class space    used 544K, committed 640K, reserved 1048576K

Heap Regions: E=young(eden), S=young(survivor), O=old, HS=humongous(starts), HC=humongous(continues), CS=collection set, F=free, TAMS=top-at-mark-start, PB=parsable bottom
|   0|0x0000000085800000, 0x0000000085800000, 0x0000000085900000|  0%| F|  |TAMS 0x0000000085800000| PB 0x0000000085800000| Untracked 
|   1|0x0000000085900000, 0x0000000085900000, 0x0000000085a00000|  0%| F|  |TAMS 0x0000000085900000| PB 0x0000000085900000| Untracked 
|   2|0x0000000085a00000, 0x0000000085a00000, 0x0000000085b00000|  0%| F|  |TAMS 0x0000000085a00000| PB 0x0000000085a00000| Untracked 
|   3|0x0000000085b00000, 0x0000000085b00000, 0x0000000085c00000|  0%| F|  |TAMS 0x0000000085b00000| PB 0x0000000085b00000| Untracked 
|   4|0x0000000085c00000, 0x0000000085c00000, 0x0000000085d00000|  0%| F|  |TAMS 0x0000000085c00000| PB 0x0000000085c00000| Untracked 
|   5|0x0000000085d00000, 0x0000000085d00000, 0x0000000085e00000|  0%| F|  |TAMS 0x0000000085d00000| PB 0x0000000085d00000| Untracked 
|   6|0x0000000085e00000, 0x0000000085e00000, 0x0000000085f00000|  0%| F|  |TAMS 0x0000000085e00000| PB 0x0000000085e00000| Untracked 
|   7|0x0000000085f00000, 0x0000000085f00000, 0x0000000086000000|  0%| F|  |TAMS 0x0000000085f00000| PB 0x0000000085f00000| Untracked 
|   8|0x0000000086000000, 0x0000000086000000, 0x0000000086100000|  0%| F|  |TAMS 0x0000000086000000| PB 0x0000000086000000| Untracked 
|   9|0x0000000086100000, 0x0000000086100000, 0x0000000086200000|  0%| F|  |TAMS 0x0000000086100000| PB 0x0000000086100000| Untracked 
|  10|0x0000000086200000, 0x0000000086200000, 0x0000000086300000|  0%| F|  |TAMS 0x0000000086200000| PB 0x0000000086200000| Untracked 
|  11|0x0000000086300000, 0x0000000086300000, 0x0000000086400000|  0%| F|  |TAMS 0x0000000086300000| PB 0x0000000086300000| Untracked 
|  12|0x0000000086400000, 0x0000000086400000, 0x0000000086500000|  0%| F|  |TAMS 0x0000000086400000| PB 0x0000000086400000| Untracked 
|  13|0x0000000086500000, 0x0000000086500000, 0x0000000086600000|  0%| F|  |TAMS 0x0000000086500000| PB 0x0000000086500000| Untracked 
|  14|0x0000000086600000, 0x0000000086600000, 0x0000000086700000|  0%| F|  |TAMS 0x0000000086600000| PB 0x0000000086600000| Untracked 
|  15|0x0000000086700000, 0x0000000086700000, 0x0000000086800000|  0%| F|  |TAMS 0x0000000086700000| PB 0x0000000086700000| Untracked 
|  16|0x0000000086800000, 0x0000000086800000, 0x0000000086900000|  0%| F|  |TAMS 0x0000000086800000| PB 0x0000000086800000| Untracked 
|  17|0x0000000086900000, 0x0000000086900000, 0x0000000086a00000|  0%| F|  |TAMS 0x0000000086900000| PB 0x0000000086900000| Untracked 
|  18|0x0000000086a00000, 0x0000000086a00000, 0x0000000086b00000|  0%| F|  |TAMS 0x0000000086a00000| PB 0x0000000086a00000| Untracked 
|  19|0x0000000086b00000, 0x0000000086b00000, 0x0000000086c00000|  0%| F|  |TAMS 0x0000000086b00000| PB 0x0000000086b00000| Untracked 
|  20|0x0000000086c00000, 0x0000000086c00000, 0x0000000086d00000|  0%| F|  |TAMS 0x0000000086c00000| PB 0x0000000086c00000| Untracked 
|  21|0x0000000086d00000, 0x0000000086d00000, 0x0000000086e00000|  0%| F|  |TAMS 0x0000000086d00000| PB 0x0000000086d00000| Untracked 
|  22|0x0000000086e00000, 0x0000000086e00000, 0x0000000086f00000|  0%| F|  |TAMS 0x0000000086e00000| PB 0x0000000086e00000| Untracked 
|  23|0x0000000086f00000, 0x0000000086f00000, 0x0000000087000000|  0%| F|  |TAMS 0x0000000086f00000| PB 0x0000000086f00000| Untracked 
|  24|0x0000000087000000, 0x0000000087000000, 0x0000000087100000|  0%| F|  |TAMS 0x0000000087000000| PB 0x0000000087000000| Untracked 
|  25|0x0000000087100000, 0x0000000087100000, 0x0000000087200000|  0%| F|  |TAMS 0x0000000087100000| PB 0x0000000087100000| Untracked 
|  26|0x0000000087200000, 0x0000000087200000, 0x0000000087300000|  0%| F|  |TAMS 0x0000000087200000| PB 0x0000000087200000| Untracked 
|  27|0x0000000087300000, 0x0000000087300000, 0x0000000087400000|  0%| F|  |TAMS 0x0000000087300000| PB 0x0000000087300000| Untracked 
|  28|0x0000000087400000, 0x0000000087400000, 0x0000000087500000|  0%| F|  |TAMS 0x0000000087400000| PB 0x0000000087400000| Untracked 
|  29|0x0000000087500000, 0x0000000087500000, 0x0000000087600000|  0%| F|  |TAMS 0x0000000087500000| PB 0x0000000087500000| Untracked 
|  30|0x0000000087600000, 0x0000000087600000, 0x0000000087700000|  0%| F|  |TAMS 0x0000000087600000| PB 0x0000000087600000| Untracked 
|  31|0x0000000087700000, 0x0000000087700000, 0x0000000087800000|  0%| F|  |TAMS 0x0000000087700000| PB 0x0000000087700000| Untracked 
|  32|0x0000000087800000, 0x0000000087800000, 0x0000000087900000|  0%| F|  |TAMS 0x0000000087800000| PB 0x0000000087800000| Untracked 
|  33|0x0000000087900000, 0x0000000087900000, 0x0000000087a00000|  0%| F|  |TAMS 0x0000000087900000| PB 0x0000000087900000| Untracked 
|  34|0x0000000087a00000, 0x0000000087a00000, 0x0000000087b00000|  0%| F|  |TAMS 0x0000000087a00000| PB 0x0000000087a00000| Untracked 
|  35|0x0000000087b00000, 0x0000000087b00000, 0x0000000087c00000|  0%| F|  |TAMS 0x0000000087b00000| PB 0x0000000087b00000| Untracked 
|  36|0x0000000087c00000, 0x0000000087c00000, 0x0000000087d00000|  0%| F|  |TAMS 0x0000000087c00000| PB 0x0000000087c00000| Untracked 
|  37|0x0000000087d00000, 0x0000000087d00000, 0x0000000087e00000|  0%| F|  |TAMS 0x0000000087d00000| PB 0x0000000087d00000| Untracked 
|  38|0x0000000087e00000, 0x0000000087e00000, 0x0000000087f00000|  0%| F|  |TAMS 0x0000000087e00000| PB 0x0000000087e00000| Untracked 
|  39|0x0000000087f00000, 0x0000000087f00000, 0x0000000088000000|  0%| F|  |TAMS 0x0000000087f00000| PB 0x0000000087f00000| Untracked 
|  40|0x0000000088000000, 0x0000000088000000, 0x0000000088100000|  0%| F|  |TAMS 0x0000000088000000| PB 0x0000000088000000| Untracked 
|  41|0x0000000088100000, 0x0000000088100000, 0x0000000088200000|  0%| F|  |TAMS 0x0000000088100000| PB 0x0000000088100000| Untracked 
|  42|0x0000000088200000, 0x0000000088200000, 0x0000000088300000|  0%| F|  |TAMS 0x0000000088200000| PB 0x0000000088200000| Untracked 
|  43|0x0000000088300000, 0x0000000088300000, 0x0000000088400000|  0%| F|  |TAMS 0x0000000088300000| PB 0x0000000088300000| Untracked 
|  44|0x0000000088400000, 0x0000000088400000, 0x0000000088500000|  0%| F|  |TAMS 0x0000000088400000| PB 0x0000000088400000| Untracked 
|  45|0x0000000088500000, 0x0000000088500000, 0x0000000088600000|  0%| F|  |TAMS 0x0000000088500000| PB 0x0000000088500000| Untracked 
|  46|0x0000000088600000, 0x0000000088600000, 0x0000000088700000|  0%| F|  |TAMS 0x0000000088600000| PB 0x0000000088600000| Untracked 
|  47|0x0000000088700000, 0x0000000088700000, 0x0000000088800000|  0%| F|  |TAMS 0x0000000088700000| PB 0x0000000088700000| Untracked 
|  48|0x0000000088800000, 0x0000000088800000, 0x0000000088900000|  0%| F|  |TAMS 0x0000000088800000| PB 0x0000000088800000| Untracked 
|  49|0x0000000088900000, 0x0000000088900000, 0x0000000088a00000|  0%| F|  |TAMS 0x0000000088900000| PB 0x0000000088900000| Untracked 
|  50|0x0000000088a00000, 0x0000000088a00000, 0x0000000088b00000|  0%| F|  |TAMS 0x0000000088a00000| PB 0x0000000088a00000| Untracked 
|  51|0x0000000088b00000, 0x0000000088b00000, 0x0000000088c00000|  0%| F|  |TAMS 0x0000000088b00000| PB 0x0000000088b00000| Untracked 
|  52|0x0000000088c00000, 0x0000000088c00000, 0x0000000088d00000|  0%| F|  |TAMS 0x0000000088c00000| PB 0x0000000088c00000| Untracked 
|  53|0x0000000088d00000, 0x0000000088d00000, 0x0000000088e00000|  0%| F|  |TAMS 0x0000000088d00000| PB 0x0000000088d00000| Untracked 
|  54|0x0000000088e00000, 0x0000000088e00000, 0x0000000088f00000|  0%| F|  |TAMS 0x0000000088e00000| PB 0x0000000088e00000| Untracked 
|  55|0x0000000088f00000, 0x0000000088f00000, 0x0000000089000000|  0%| F|  |TAMS 0x0000000088f00000| PB 0x0000000088f00000| Untracked 
|  56|0x0000000089000000, 0x0000000089000000, 0x0000000089100000|  0%| F|  |TAMS 0x0000000089000000| PB 0x0000000089000000| Untracked 
|  57|0x0000000089100000, 0x0000000089100000, 0x0000000089200000|  0%| F|  |TAMS 0x0000000089100000| PB 0x0000000089100000| Untracked 
|  58|0x0000000089200000, 0x0000000089200000, 0x0000000089300000|  0%| F|  |TAMS 0x0000000089200000| PB 0x0000000089200000| Untracked 
|  59|0x0000000089300000, 0x0000000089300000, 0x0000000089400000|  0%| F|  |TAMS 0x0000000089300000| PB 0x0000000089300000| Untracked 
|  60|0x0000000089400000, 0x0000000089400000, 0x0000000089500000|  0%| F|  |TAMS 0x0000000089400000| PB 0x0000000089400000| Untracked 
|  61|0x0000000089500000, 0x0000000089500000, 0x0000000089600000|  0%| F|  |TAMS 0x0000000089500000| PB 0x0000000089500000| Untracked 
|  62|0x0000000089600000, 0x0000000089600000, 0x0000000089700000|  0%| F|  |TAMS 0x0000000089600000| PB 0x0000000089600000| Untracked 
|  63|0x0000000089700000, 0x0000000089700000, 0x0000000089800000|  0%| F|  |TAMS 0x0000000089700000| PB 0x0000000089700000| Untracked 
|  64|0x0000000089800000, 0x0000000089800000, 0x0000000089900000|  0%| F|  |TAMS 0x0000000089800000| PB 0x0000000089800000| Untracked 
|  65|0x0000000089900000, 0x0000000089900000, 0x0000000089a00000|  0%| F|  |TAMS 0x0000000089900000| PB 0x0000000089900000| Untracked 
|  66|0x0000000089a00000, 0x0000000089a00000, 0x0000000089b00000|  0%| F|  |TAMS 0x0000000089a00000| PB 0x0000000089a00000| Untracked 
|  67|0x0000000089b00000, 0x0000000089b00000, 0x0000000089c00000|  0%| F|  |TAMS 0x0000000089b00000| PB 0x0000000089b00000| Untracked 
|  68|0x0000000089c00000, 0x0000000089c00000, 0x0000000089d00000|  0%| F|  |TAMS 0x0000000089c00000| PB 0x0000000089c00000| Untracked 
|  69|0x0000000089d00000, 0x0000000089d00000, 0x0000000089e00000|  0%| F|  |TAMS 0x0000000089d00000| PB 0x0000000089d00000| Untracked 
|  70|0x0000000089e00000, 0x0000000089e00000, 0x0000000089f00000|  0%| F|  |TAMS 0x0000000089e00000| PB 0x0000000089e00000| Untracked 
|  71|0x0000000089f00000, 0x0000000089f00000, 0x000000008a000000|  0%| F|  |TAMS 0x0000000089f00000| PB 0x0000000089f00000| Untracked 
|  72|0x000000008a000000, 0x000000008a000000, 0x000000008a100000|  0%| F|  |TAMS 0x000000008a000000| PB 0x000000008a000000| Untracked 
|  73|0x000000008a100000, 0x000000008a100000, 0x000000008a200000|  0%| F|  |TAMS 0x000000008a100000| PB 0x000000008a100000| Untracked 
|  74|0x000000008a200000, 0x000000008a200000, 0x000000008a300000|  0%| F|  |TAMS 0x000000008a200000| PB 0x000000008a200000| Untracked 
|  75|0x000000008a300000, 0x000000008a300000, 0x000000008a400000|  0%| F|  |TAMS 0x000000008a300000| PB 0x000000008a300000| Untracked 
|  76|0x000000008a400000, 0x000000008a400000, 0x000000008a500000|  0%| F|  |TAMS 0x000000008a400000| PB 0x000000008a400000| Untracked 
|  77|0x000000008a500000, 0x000000008a500000, 0x000000008a600000|  0%| F|  |TAMS 0x000000008a500000| PB 0x000000008a500000| Untracked 
|  78|0x000000008a600000, 0x000000008a600000, 0x000000008a700000|  0%| F|  |TAMS 0x000000008a600000| PB 0x000000008a600000| Untracked 
|  79|0x000000008a700000, 0x000000008a700000, 0x000000008a800000|  0%| F|  |TAMS 0x000000008a700000| PB 0x000000008a700000| Untracked 
|  80|0x000000008a800000, 0x000000008a800000, 0x000000008a900000|  0%| F|  |TAMS 0x000000008a800000| PB 0x000000008a800000| Untracked 
|  81|0x000000008a900000, 0x000000008a900000, 0x000000008aa00000|  0%| F|  |TAMS 0x000000008a900000| PB 0x000000008a900000| Untracked 
|  82|0x000000008aa00000, 0x000000008aa00000, 0x000000008ab00000|  0%| F|  |TAMS 0x000000008aa00000| PB 0x000000008aa00000| Untracked 
|  83|0x000000008ab00000, 0x000000008ab00000, 0x000000008ac00000|  0%| F|  |TAMS 0x000000008ab00000| PB 0x000000008ab00000| Untracked 
|  84|0x000000008ac00000, 0x000000008ac00000, 0x000000008ad00000|  0%| F|  |TAMS 0x000000008ac00000| PB 0x000000008ac00000| Untracked 
|  85|0x000000008ad00000, 0x000000008ad00000, 0x000000008ae00000|  0%| F|  |TAMS 0x000000008ad00000| PB 0x000000008ad00000| Untracked 
|  86|0x000000008ae00000, 0x000000008ae00000, 0x000000008af00000|  0%| F|  |TAMS 0x000000008ae00000| PB 0x000000008ae00000| Untracked 
|  87|0x000000008af00000, 0x000000008af00000, 0x000000008b000000|  0%| F|  |TAMS 0x000000008af00000| PB 0x000000008af00000| Untracked 
|  88|0x000000008b000000, 0x000000008b000000, 0x000000008b100000|  0%| F|  |TAMS 0x000000008b000000| PB 0x000000008b000000| Untracked 
|  89|0x000000008b100000, 0x000000008b100000, 0x000000008b200000|  0%| F|  |TAMS 0x000000008b100000| PB 0x000000008b100000| Untracked 
|  90|0x000000008b200000, 0x000000008b200000, 0x000000008b300000|  0%| F|  |TAMS 0x000000008b200000| PB 0x000000008b200000| Untracked 
|  91|0x000000008b300000, 0x000000008b300000, 0x000000008b400000|  0%| F|  |TAMS 0x000000008b300000| PB 0x000000008b300000| Untracked 
|  92|0x000000008b400000, 0x000000008b400000, 0x000000008b500000|  0%| F|  |TAMS 0x000000008b400000| PB 0x000000008b400000| Untracked 
|  93|0x000000008b500000, 0x000000008b500000, 0x000000008b600000|  0%| F|  |TAMS 0x000000008b500000| PB 0x000000008b500000| Untracked 
|  94|0x000000008b600000, 0x000000008b600000, 0x000000008b700000|  0%| F|  |TAMS 0x000000008b600000| PB 0x000000008b600000| Untracked 
|  95|0x000000008b700000, 0x000000008b700000, 0x000000008b800000|  0%| F|  |TAMS 0x000000008b700000| PB 0x000000008b700000| Untracked 
|  96|0x000000008b800000, 0x000000008b800000, 0x000000008b900000|  0%| F|  |TAMS 0x000000008b800000| PB 0x000000008b800000| Untracked 
|  97|0x000000008b900000, 0x000000008b900000, 0x000000008ba00000|  0%| F|  |TAMS 0x000000008b900000| PB 0x000000008b900000| Untracked 
|  98|0x000000008ba00000, 0x000000008ba00000, 0x000000008bb00000|  0%| F|  |TAMS 0x000000008ba00000| PB 0x000000008ba00000| Untracked 
|  99|0x000000008bb00000, 0x000000008bb00000, 0x000000008bc00000|  0%| F|  |TAMS 0x000000008bb00000| PB 0x000000008bb00000| Untracked 
| 100|0x000000008bc00000, 0x000000008bc00000, 0x000000008bd00000|  0%| F|  |TAMS 0x000000008bc00000| PB 0x000000008bc00000| Untracked 
| 101|0x000000008bd00000, 0x000000008bd00000, 0x000000008be00000|  0%| F|  |TAMS 0x000000008bd00000| PB 0x000000008bd00000| Untracked 
| 102|0x000000008be00000, 0x000000008be00000, 0x000000008bf00000|  0%| F|  |TAMS 0x000000008be00000| PB 0x000000008be00000| Untracked 
| 103|0x000000008bf00000, 0x000000008bf00000, 0x000000008c000000|  0%| F|  |TAMS 0x000000008bf00000| PB 0x000000008bf00000| Untracked 
| 104|0x000000008c000000, 0x000000008c000000, 0x000000008c100000|  0%| F|  |TAMS 0x000000008c000000| PB 0x000000008c000000| Untracked 
| 105|0x000000008c100000, 0x000000008c100000, 0x000000008c200000|  0%| F|  |TAMS 0x000000008c100000| PB 0x000000008c100000| Untracked 
| 106|0x000000008c200000, 0x000000008c200000, 0x000000008c300000|  0%| F|  |TAMS 0x000000008c200000| PB 0x000000008c200000| Untracked 
| 107|0x000000008c300000, 0x000000008c300000, 0x000000008c400000|  0%| F|  |TAMS 0x000000008c300000| PB 0x000000008c300000| Untracked 
| 108|0x000000008c400000, 0x000000008c400000, 0x000000008c500000|  0%| F|  |TAMS 0x000000008c400000| PB 0x000000008c400000| Untracked 
| 109|0x000000008c500000, 0x000000008c500000, 0x000000008c600000|  0%| F|  |TAMS 0x000000008c500000| PB 0x000000008c500000| Untracked 
| 110|0x000000008c600000, 0x000000008c600000, 0x000000008c700000|  0%| F|  |TAMS 0x000000008c600000| PB 0x000000008c600000| Untracked 
| 111|0x000000008c700000, 0x000000008c700000, 0x000000008c800000|  0%| F|  |TAMS 0x000000008c700000| PB 0x000000008c700000| Untracked 
| 112|0x000000008c800000, 0x000000008c800000, 0x000000008c900000|  0%| F|  |TAMS 0x000000008c800000| PB 0x000000008c800000| Untracked 
| 113|0x000000008c900000, 0x000000008c900000, 0x000000008ca00000|  0%| F|  |TAMS 0x000000008c900000| PB 0x000000008c900000| Untracked 
| 114|0x000000008ca00000, 0x000000008ca00000, 0x000000008cb00000|  0%| F|  |TAMS 0x000000008ca00000| PB 0x000000008ca00000| Untracked 
| 115|0x000000008cb00000, 0x000000008cb00000, 0x000000008cc00000|  0%| F|  |TAMS 0x000000008cb00000| PB 0x000000008cb00000| Untracked 
| 116|0x000000008cc00000, 0x000000008cc00000, 0x000000008cd00000|  0%| F|  |TAMS 0x000000008cc00000| PB 0x000000008cc00000| Untracked 
| 117|0x000000008cd00000, 0x000000008cd00000, 0x000000008ce00000|  0%| F|  |TAMS 0x000000008cd00000| PB 0x000000008cd00000| Untracked 
| 118|0x000000008ce00000, 0x000000008ce00000, 0x000000008cf00000|  0%| F|  |TAMS 0x000000008ce00000| PB 0x000000008ce00000| Untracked 
| 119|0x000000008cf00000, 0x000000008cf00000, 0x000000008d000000|  0%| F|  |TAMS 0x000000008cf00000| PB 0x000000008cf00000| Untracked 
| 120|0x000000008d000000, 0x000000008d000000, 0x000000008d100000|  0%| F|  |TAMS 0x000000008d000000| PB 0x000000008d000000| Untracked 
| 121|0x000000008d100000, 0x000000008d100000, 0x000000008d200000|  0%| F|  |TAMS 0x000000008d100000| PB 0x000000008d100000| Untracked 
| 122|0x000000008d200000, 0x000000008d300000, 0x000000008d300000|100%| E|  |TAMS 0x000000008d200000| PB 0x000000008d200000| Complete 
| 123|0x000000008d300000, 0x000000008d400000, 0x000000008d400000|100%| E|CS|TAMS 0x000000008d300000| PB 0x000000008d300000| Complete 

Card table byte_map: [0x000001d6ccf00000,0x000001d6cd2e0000] _byte_map_base: 0x000001d6ccad4000

Marking Bits: (CMBitMap*) 0x000001d6b9bda020
 Bits: [0x000001d6cd2e0000, 0x000001d6cf180000)

Polling page: 0x000001d6b7790000

Metaspace:

Usage:
  Non-class:      6.25 MB used.
      Class:    544.32 KB used.
       Both:      6.78 MB used.

Virtual space:
  Non-class space:       64.00 MB reserved,       6.31 MB ( 10%) committed,  1 nodes.
      Class space:        1.00 GB reserved,     640.00 KB ( <1%) committed,  1 nodes.
             Both:        1.06 GB reserved,       6.94 MB ( <1%) committed. 

Chunk freelists:
   Non-Class:  9.00 MB
       Class:  15.25 MB
        Both:  24.25 MB

MaxMetaspaceSize: unlimited
CompressedClassSpaceSize: 1.00 GB
Initial GC threshold: 21.00 MB
Current GC threshold: 21.00 MB
CDS: off
 - commit_granule_bytes: 65536.
 - commit_granule_words: 8192.
 - virtual_space_node_default_size: 8388608.
 - enlarge_chunks_in_place: 1.
 - use_allocation_guard: 0.


Internal statistics:

num_allocs_failed_limit: 0.
num_arena_births: 6.
num_arena_deaths: 0.
num_vsnodes_births: 2.
num_vsnodes_deaths: 0.
num_space_committed: 111.
num_space_uncommitted: 0.
num_chunks_returned_to_freelist: 0.
num_chunks_taken_from_freelist: 24.
num_chunk_merges: 0.
num_chunk_splits: 9.
num_chunks_enlarged: 3.
num_inconsistent_stats: 0.

CodeHeap 'non-profiled nmethods': size=120000Kb used=34Kb max_used=34Kb free=119966Kb
 bounds [0x000001d6c55f0000, 0x000001d6c5860000, 0x000001d6ccb20000]
CodeHeap 'profiled nmethods': size=120000Kb used=135Kb max_used=135Kb free=119864Kb
 bounds [0x000001d6bdb20000, 0x000001d6bdd90000, 0x000001d6c5050000]
CodeHeap 'non-nmethods': size=5760Kb used=1394Kb max_used=1394Kb free=4366Kb
 bounds [0x000001d6c5050000, 0x000001d6c52c0000, 0x000001d6c55f0000]
 total_blobs=518 nmethods=115 adapters=308
 compilation: enabled
              stopped_count=0, restarted_count=0
 full_count=0

Compilation events (20 events):
Event: 0.263 Thread 0x000001d6d1867500 nmethod 93 0x000001d6c55f4890 code [0x000001d6c55f4a40, 0x000001d6c55f4d30]
Event: 0.270 Thread 0x000001d6d1867500   97       4       java.util.concurrent.ConcurrentHashMap::spread (10 bytes)
Event: 0.270 Thread 0x000001d6d1867500 nmethod 97 0x000001d6c55f5810 code [0x000001d6c55f5980, 0x000001d6c55f59f8]
Event: 0.270 Thread 0x000001d6d18692a0  100       1       java.lang.Enum::ordinal (5 bytes)
Event: 0.270 Thread 0x000001d6d18692a0 nmethod 100 0x000001d6c55f6110 code [0x000001d6c55f62a0, 0x000001d6c55f6368]
Event: 0.272 Thread 0x000001d6d18692a0  101       3       java.util.concurrent.ConcurrentHashMap::get (162 bytes)
Event: 0.272 Thread 0x000001d6d18692a0 nmethod 101 0x000001d6bdb3f790 code [0x000001d6bdb3fa00, 0x000001d6bdb40418]
Event: 0.277 Thread 0x000001d6d18692a0  102       1       jdk.internal.util.StrongReferenceKey::get (5 bytes)
Event: 0.277 Thread 0x000001d6d18692a0 nmethod 102 0x000001d6c55f6710 code [0x000001d6c55f68a0, 0x000001d6c55f6968]
Event: 0.280 Thread 0x000001d6d18692a0  108       1       java.lang.invoke.MethodType::returnType (5 bytes)
Event: 0.280 Thread 0x000001d6d18692a0 nmethod 108 0x000001d6c55f7710 code [0x000001d6c55f78a0, 0x000001d6c55f7968]
Event: 0.281 Thread 0x000001d6d18692a0  110       3       java.lang.ref.ReferenceQueue::headIsNull (13 bytes)
Event: 0.281 Thread 0x000001d6d18692a0 nmethod 110 0x000001d6bdb40710 code [0x000001d6bdb408a0, 0x000001d6bdb40a00]
Event: 0.281 Thread 0x000001d6d18692a0  112       3       jdk.internal.util.ReferencedKeyMap::removeStaleReferences (30 bytes)
Event: 0.282 Thread 0x000001d6d18692a0 nmethod 112 0x000001d6bdb40a90 code [0x000001d6bdb40c60, 0x000001d6bdb40fa8]
Event: 0.282 Thread 0x000001d6d18692a0  113   !   3       java.lang.ref.NativeReferenceQueue::poll (28 bytes)
Event: 0.282 Thread 0x000001d6d18692a0 nmethod 113 0x000001d6bdb41110 code [0x000001d6bdb412e0, 0x000001d6bdb41628]
Event: 0.286 Thread 0x000001d6d18692a0  115       3       java.lang.StringUTF16::compress (50 bytes)
Event: 0.286 Thread 0x000001d6d18692a0 nmethod 115 0x000001d6bdb41790 code [0x000001d6bdb41940, 0x000001d6bdb41b78]
Event: 0.286 Thread 0x000001d6d18692a0  116 %     3       java.util.Properties$LineReader::readLine @ 224 (584 bytes)

GC Heap History (0 events):
No events

Dll operation events (2 events):
Event: 0.015 Loaded shared library D:\GAME DEV\PyCharm Community Edition 2024.3.5\jbr\bin\java.dll
Event: 0.102 Loaded shared library D:\GAME DEV\PyCharm Community Edition 2024.3.5\jbr\bin\zip.dll

Deoptimization events (0 events):
No events

Classes loaded (20 events):
Event: 0.286 Loading class java/io/FileInputStream$1 done
Event: 0.286 Loading class java/util/concurrent/ConcurrentHashMap$EntrySetView
Event: 0.286 Loading class java/util/concurrent/ConcurrentHashMap$EntrySetView done
Event: 0.286 Loading class java/util/concurrent/ConcurrentHashMap$EntryIterator
Event: 0.286 Loading class java/util/concurrent/ConcurrentHashMap$EntryIterator done
Event: 0.286 Loading class java/util/concurrent/ConcurrentHashMap$MapEntry
Event: 0.286 Loading class java/util/concurrent/ConcurrentHashMap$MapEntry done
Event: 0.286 Loading class java/security/Security$1
Event: 0.286 Loading class jdk/internal/access/JavaSecurityPropertiesAccess
Event: 0.286 Loading class jdk/internal/access/JavaSecurityPropertiesAccess done
Event: 0.286 Loading class java/security/Security$1 done
Event: 0.287 Loading class sun/security/provider/Sun
Event: 0.287 Loading class sun/security/provider/Sun done
Event: 0.287 Loading class sun/security/util/SecurityConstants
Event: 0.287 Loading class sun/security/util/SecurityConstants done
Event: 0.287 Loading class java/net/NetPermission
Event: 0.287 Loading class java/net/NetPermission done
Event: 0.287 Loading class java/security/SecurityPermission
Event: 0.287 Loading class java/security/SecurityPermission done
Event: 0.287 Loading class java/net/SocketPermission

Classes unloaded (0 events):
No events

Classes redefined (0 events):
No events

Internal exceptions (0 events):
No events

ZGC Phase Switch (0 events):
No events

VM Operations (4 events):
Event: 0.252 Executing VM operation: HandshakeAllThreads (Deoptimize)
Event: 0.252 Executing VM operation: HandshakeAllThreads (Deoptimize) done
Event: 0.264 Executing VM operation: HandshakeAllThreads (Deoptimize)
Event: 0.264 Executing VM operation: HandshakeAllThreads (Deoptimize) done

Memory protections (0 events):
No events

Nmethod flushes (0 events):
No events

Events (14 events):
Event: 0.096 Thread 0x000001d6b9b8f6c0 Thread added: 0x000001d6b9b8f6c0
Event: 0.181 Thread 0x000001d6b9b8f6c0 Thread added: 0x000001d6d18119b0
Event: 0.181 Thread 0x000001d6b9b8f6c0 Thread added: 0x000001d6d18139f0
Event: 0.182 Thread 0x000001d6b9b8f6c0 Thread added: 0x000001d6d18348b0
Event: 0.182 Thread 0x000001d6b9b8f6c0 Thread added: 0x000001d6d1835300
Event: 0.182 Thread 0x000001d6b9b8f6c0 Thread added: 0x000001d6d1837f30
Event: 0.182 Thread 0x000001d6b9b8f6c0 Thread added: 0x000001d6d1838980
Event: 0.182 Thread 0x000001d6b9b8f6c0 Thread added: 0x000001d6d1867500
Event: 0.183 Thread 0x000001d6b9b8f6c0 Thread added: 0x000001d6d18692a0
Event: 0.222 Thread 0x000001d6b9b8f6c0 Thread added: 0x000001d6d1a1ba00
Event: 0.228 Thread 0x000001d6b9b8f6c0 Thread added: 0x000001d6d1a33f80
Event: 0.236 Loaded shared library D:\GAME DEV\PyCharm Community Edition 2024.3.5\jbr\bin\net.dll
Event: 0.238 Loaded shared library D:\GAME DEV\PyCharm Community Edition 2024.3.5\jbr\bin\nio.dll
Event: 0.247 Loaded shared library D:\GAME DEV\PyCharm Community Edition 2024.3.5\jbr\bin\zip.dll


Dynamic libraries:
0x00007ff7f5cb0000 - 0x00007ff7f5cba000 	D:\GAME DEV\PyCharm Community Edition 2024.3.5\jbr\bin\java.exe
0x00007ff8fc220000 - 0x00007ff8fc483000 	C:\WINDOWS\SYSTEM32\ntdll.dll
0x00007ff8fac40000 - 0x00007ff8fad07000 	C:\WINDOWS\System32\KERNEL32.DLL
0x00007ff8f9420000 - 0x00007ff8f97e9000 	C:\WINDOWS\System32\KERNELBASE.dll
0x00007ff8f9880000 - 0x00007ff8f99cc000 	C:\WINDOWS\System32\ucrtbase.dll
0x00007ff8d1140000 - 0x00007ff8d1158000 	D:\GAME DEV\PyCharm Community Edition 2024.3.5\jbr\bin\jli.dll
0x00007ff8da290000 - 0x00007ff8da2ab000 	D:\GAME DEV\PyCharm Community Edition 2024.3.5\jbr\bin\VCRUNTIME140.dll
0x00007ff8fad10000 - 0x00007ff8faeda000 	C:\WINDOWS\System32\USER32.dll
0x00007ff8f99d0000 - 0x00007ff8f99f7000 	C:\WINDOWS\System32\win32u.dll
0x00007ff8dd720000 - 0x00007ff8dd9b0000 	C:\WINDOWS\WinSxS\amd64_microsoft.windows.common-controls_6595b64144ccf1df_6.0.26100.3323_none_3e088096e3344490\COMCTL32.dll
0x00007ff8fba00000 - 0x00007ff8fbaa9000 	C:\WINDOWS\System32\msvcrt.dll
0x00007ff8fa690000 - 0x00007ff8fa6ba000 	C:\WINDOWS\System32\GDI32.dll
0x00007ff8f9a00000 - 0x00007ff8f9b31000 	C:\WINDOWS\System32\gdi32full.dll
0x00007ff8f9c00000 - 0x00007ff8f9ca3000 	C:\WINDOWS\System32\msvcp_win.dll
0x00007ff8fa770000 - 0x00007ff8fa79f000 	C:\WINDOWS\System32\IMM32.DLL
0x00007ff8efe90000 - 0x00007ff8efe9c000 	D:\GAME DEV\PyCharm Community Edition 2024.3.5\jbr\bin\vcruntime140_1.dll
0x00007ff8ada50000 - 0x00007ff8adadd000 	D:\GAME DEV\PyCharm Community Edition 2024.3.5\jbr\bin\msvcp140.dll
0x00007ff87fc90000 - 0x00007ff880a51000 	D:\GAME DEV\PyCharm Community Edition 2024.3.5\jbr\bin\server\jvm.dll
0x00007ff8fa4a0000 - 0x00007ff8fa552000 	C:\WINDOWS\System32\ADVAPI32.dll
0x00007ff8fa6c0000 - 0x00007ff8fa766000 	C:\WINDOWS\System32\sechost.dll
0x00007ff8fa120000 - 0x00007ff8fa236000 	C:\WINDOWS\System32\RPCRT4.dll
0x00007ff8fa7b0000 - 0x00007ff8fa824000 	C:\WINDOWS\System32\WS2_32.dll
0x00007ff8f92b0000 - 0x00007ff8f92fe000 	C:\WINDOWS\SYSTEM32\POWRPROF.dll
0x00007ff8ee050000 - 0x00007ff8ee086000 	C:\WINDOWS\SYSTEM32\WINMM.dll
0x00007ff8edc80000 - 0x00007ff8edc8b000 	C:\WINDOWS\SYSTEM32\VERSION.dll
0x00007ff8f9290000 - 0x00007ff8f92a4000 	C:\WINDOWS\SYSTEM32\UMPDC.dll
0x00007ff8f8240000 - 0x00007ff8f825a000 	C:\WINDOWS\SYSTEM32\kernel.appcore.dll
0x00007ff8e6760000 - 0x00007ff8e676a000 	D:\GAME DEV\PyCharm Community Edition 2024.3.5\jbr\bin\jimage.dll
0x00007ff8f6be0000 - 0x00007ff8f6e21000 	C:\WINDOWS\SYSTEM32\DBGHELP.DLL
0x00007ff8faef0000 - 0x00007ff8fb272000 	C:\WINDOWS\System32\combase.dll
0x00007ff8fa040000 - 0x00007ff8fa116000 	C:\WINDOWS\System32\OLEAUT32.dll
0x00007ff8d1ed0000 - 0x00007ff8d1f09000 	C:\WINDOWS\SYSTEM32\dbgcore.DLL
0x00007ff8f9cb0000 - 0x00007ff8f9d49000 	C:\WINDOWS\System32\bcryptPrimitives.dll
0x00007ff8d8a00000 - 0x00007ff8d8a20000 	D:\GAME DEV\PyCharm Community Edition 2024.3.5\jbr\bin\java.dll
0x00007ff8d7590000 - 0x00007ff8d75a8000 	D:\GAME DEV\PyCharm Community Edition 2024.3.5\jbr\bin\zip.dll
0x00007ff8fb2e0000 - 0x00007ff8fb9f5000 	C:\WINDOWS\System32\SHELL32.dll
0x00007ff8f9d50000 - 0x00007ff8f9eb8000 	C:\WINDOWS\System32\wintypes.dll
0x00007ff8f70d0000 - 0x00007ff8f7915000 	C:\WINDOWS\SYSTEM32\windows.storage.dll
0x00007ff8fbae0000 - 0x00007ff8fbbcb000 	C:\WINDOWS\System32\SHCORE.dll
0x00007ff8fa560000 - 0x00007ff8fa5bd000 	C:\WINDOWS\System32\shlwapi.dll
0x00007ff8f9330000 - 0x00007ff8f935f000 	C:\WINDOWS\SYSTEM32\profapi.dll
0x00007ff8e5cf0000 - 0x00007ff8e5d00000 	D:\GAME DEV\PyCharm Community Edition 2024.3.5\jbr\bin\net.dll
0x00007ff8e8f20000 - 0x00007ff8e903e000 	C:\WINDOWS\SYSTEM32\WINHTTP.dll
0x00007ff8f8760000 - 0x00007ff8f87ca000 	C:\WINDOWS\system32\mswsock.dll
0x00007ff8d7540000 - 0x00007ff8d7556000 	D:\GAME DEV\PyCharm Community Edition 2024.3.5\jbr\bin\nio.dll

dbghelp: loaded successfully - version: 4.0.5 - missing functions: none
symbol engine: initialized successfully - sym options: 0x614 - pdb path: .;D:\GAME DEV\PyCharm Community Edition 2024.3.5\jbr\bin;C:\WINDOWS\SYSTEM32;C:\WINDOWS\WinSxS\amd64_microsoft.windows.common-controls_6595b64144ccf1df_6.0.26100.3323_none_3e088096e3344490;D:\GAME DEV\PyCharm Community Edition 2024.3.5\jbr\bin\server

VM Arguments:
java_command: git4idea.http.GitAskPassApp Username for 'https://github.com': 
java_class_path (initial): D:/GAME DEV/PyCharm Community Edition 2024.3.5/plugins/vcs-git/lib/git4idea-rt.jar;D:/GAME DEV/PyCharm Community Edition 2024.3.5/lib/externalProcess-rt.jar
Launcher Type: SUN_STANDARD

[Global flags]
     intx CICompilerCount                          = 3                                         {product} {ergonomic}
     uint ConcGCThreads                            = 1                                         {product} {ergonomic}
     uint G1ConcRefinementThreads                  = 4                                         {product} {ergonomic}
   size_t G1HeapRegionSize                         = 1048576                                   {product} {ergonomic}
    uintx GCDrainStackTargetSize                   = 64                                        {product} {ergonomic}
   size_t InitialHeapSize                          = 130023424                                 {product} {ergonomic}
   size_t MarkStackSize                            = 4194304                                   {product} {ergonomic}
   size_t MaxHeapSize                              = 2055208960                                {product} {ergonomic}
   size_t MaxNewSize                               = 1233125376                                {product} {ergonomic}
   size_t MinHeapDeltaBytes                        = 1048576                                   {product} {ergonomic}
   size_t MinHeapSize                              = 8388608                                   {product} {ergonomic}
    uintx NonNMethodCodeHeapSize                   = 5832780                                {pd product} {ergonomic}
    uintx NonProfiledCodeHeapSize                  = 122912730                              {pd product} {ergonomic}
    uintx ProfiledCodeHeapSize                     = 122912730                              {pd product} {ergonomic}
    uintx ReservedCodeCacheSize                    = 251658240                              {pd product} {ergonomic}
     bool SegmentedCodeCache                       = true                                      {product} {ergonomic}
   size_t SoftMaxHeapSize                          = 2055208960                             {manageable} {ergonomic}
     bool UseCompressedOops                        = true                           {product lp64_product} {ergonomic}
     bool UseG1GC                                  = true                                      {product} {ergonomic}
     bool UseLargePagesIndividualAllocation        = false                                  {pd product} {ergonomic}

Logging:
Log output configuration:
 #0: stdout all=warning uptime,level,tags foldmultilines=false
 #1: stderr all=off uptime,level,tags foldmultilines=false

Environment Variables:
PATH=D:/GAME DEV/Git/mingw64/libexec/git-core;D:/GAME DEV/Git/mingw64/libexec/git-core;D:\GAME DEV\Git\mingw64\bin;D:\GAME DEV\Git\usr\bin;C:\Users\DHRUV\bin;D:\GAME DEV\anaconda;D:\GAME DEV\anaconda\Library\mingw-w64\bin;D:\GAME DEV\anaconda\Library\usr\bin;D:\GAME DEV\anaconda\Library\bin;D:\GAME DEV\anaconda\Scripts;D:\GAME DEV\anaconda\bin;D:\GAME DEV\anaconda\condabin;C:\Program Files\Common Files\Oracle\Java\javapath;C:\WINDOWS\system32;C:\WINDOWS;C:\WINDOWS\System32\Wbem;C:\WINDOWS\System32\WindowsPowerShell\v1.0;C:\WINDOWS\System32\OpenSSH;D:\GAME DEV\Git\cmd;C:\Program Files\dotnet;C:\Users\DHRUV\.local\bin;C:\Users\DHRUV\AppData\Local\Programs\Python\Python313\Scripts;C:\Users\DHRUV\AppData\Local\Programs\Python\Python313;C:\Users\DHRUV\AppData\Local\Microsoft\WindowsApps;D:\GAME DEV\Microsoft VS Code\bin;C:\Users\DHRUV\AppData\Local\GitHubDesktop\bin;D:\MinGW\bin;.;C:\Users\DHRUV\.lmstudio\bin;D:\GAME DEV\IntelliJ IDEA Community Edition 2024.3.5\bin;.;D:\GAME DEV\PyCharm Community Edition 2024.3.5\bin;.
USERNAME=DHRUV
DISPLAY=:0.0
LC_ALL=en_US.UTF-8
TERM=xterm-256color
TMPDIR=C:\Users\DHRUV\AppData\Local\Temp
OS=Windows_NT
PROCESSOR_IDENTIFIER=Intel64 Family 6 Model 140 Stepping 1, GenuineIntel
TMP=C:\Users\DHRUV\AppData\Local\Temp
TEMP=C:\Users\DHRUV\AppData\Local\Temp




Periodic native trim disabled

JNI global refs:
JNI global refs: 8, weak refs: 0

JNI global refs memory usage: 835, weak refs: 201

Process memory usage:
Resident Set Size: 39180K (0% of 8021684K total physical memory with 1861600K free physical memory)

OOME stack traces (most recent first):
Classloader memory used:
Loader bootstrap                                                                       : 6926K
Loader jdk.internal.loader.ClassLoaders$AppClassLoader                                 : 16400B

---------------  S Y S T E M  ---------------

OS:
 Windows 11 , 64 bit Build 26100 (10.0.26100.3323)
OS uptime: 6 days 3:33 hours
Hyper-V role detected

CPU: total 4 (initial active 4) (2 cores per cpu, 2 threads per core) family 6 model 140 stepping 1 microcode 0xb4, cx8, cmov, fxsr, ht, mmx, 3dnowpref, sse, sse2, sse3, ssse3, sse4.1, sse4.2, popcnt, lzcnt, tsc, tscinvbit, avx, avx2, aes, erms, clmul, bmi1, bmi2, adx, avx512f, avx512dq, avx512cd, avx512bw, avx512vl, sha, fma, vzeroupper, avx512_vpopcntdq, avx512_vpclmulqdq, avx512_vaes, avx512_vnni, clflush, clflushopt, clwb, avx512_vbmi2, avx512_vbmi, hv, rdtscp, rdpid, fsrm, gfni, avx512_bitalg, f16c, cet_ibt, cet_ss, avx512_ifma
Processor Information for the first 4 processors :
  Max Mhz: 2901, Current Mhz: 2901, Mhz Limit: 2901

Memory: 4k page, system-wide physical 7833M (1817M free)
TotalPageFile size 15458M (AvailPageFile size 1M)
current process WorkingSet (physical memory assigned to process): 38M, peak: 38M
current process commit charge ("private bytes"): 192M, peak: 193M

vm_info: OpenJDK 64-Bit Server VM (21.0.6+8-b631.39) for windows-amd64 JRE (21.0.6+8-b631.39), built on 2025-02-04 by "builduser" with MS VC++ 16.10 / 16.11 (VS2019)

END.
